14:05:23,227 INFO  [pool-2-thread-1][DialectDetector:71] Determine dialect for HSQL Database Engine 2
14:05:23,228 WARN  [pool-2-thread-1][DialectDetector:86] Liferay is configured to use Hypersonic as its database. Do NOT use Hypersonic in production. Hypersonic is an embedded database useful for development and demo'ing purposes. The database settings can be changed in portal-ext.properties.
14:05:23,249 INFO  [pool-2-thread-1][DialectDetector:136] Found dialect org.hibernate.dialect.HSQLDialect
14:05:37,148 INFO  [pool-2-thread-1][BaseDB:452] Database supports case sensitive queries
14:05:37,409 INFO  [pool-2-thread-1][ServerDetector:154] Server supports hot deploy
14:05:37,412 INFO  [pool-2-thread-1][PluginPackageUtil:1030] Reading plugin package for the root context
14:05:39,397 INFO  [pool-2-thread-1][AutoDeployDir:106] Auto deploy scanner started for /home/giacomo/Liferay/liferay-portal-6.1.1-ce-ga2/deploy
14:05:40,370 INFO  [pool-2-thread-1][HotDeployImpl:178] Deploying ncWMS-portlet from queue
14:05:40,370 INFO  [pool-2-thread-1][PluginPackageUtil:1033] Reading plugin package for ncWMS-portlet
14:05:40,602 ERROR [pool-2-thread-1][PortletBagFactory:123] java.lang.ClassNotFoundException: com.test.stazioni
java.lang.ClassNotFoundException: com.test.stazioni
	at org.apache.catalina.loader.WebappClassLoader.loadClass(WebappClassLoader.java:1711)
	at org.apache.catalina.loader.WebappClassLoader.loadClass(WebappClassLoader.java:1556)
	at com.liferay.portlet.PortletBagFactory.create(PortletBagFactory.java:120)
	at com.liferay.portal.deploy.hot.PortletHotDeployListener.initPortlet(PortletHotDeployListener.java:546)
	at com.liferay.portal.deploy.hot.PortletHotDeployListener.doInvokeDeploy(PortletHotDeployListener.java:321)
	at com.liferay.portal.deploy.hot.PortletHotDeployListener.invokeDeploy(PortletHotDeployListener.java:120)
	at com.liferay.portal.deploy.hot.HotDeployImpl.doFireDeployEvent(HotDeployImpl.java:188)
	at com.liferay.portal.deploy.hot.HotDeployImpl.fireDeployEvent(HotDeployImpl.java:96)
	at com.liferay.portal.kernel.deploy.hot.HotDeployUtil.fireDeployEvent(HotDeployUtil.java:27)
	at com.liferay.portal.kernel.servlet.PluginContextListener.fireDeployEvent(PluginContextListener.java:151)
	at com.liferay.portal.kernel.servlet.PluginContextListener.doPortalInit(PluginContextListener.java:141)
	at com.liferay.portal.kernel.util.BasePortalLifecycle.portalInit(BasePortalLifecycle.java:42)
	at com.liferay.portal.kernel.util.PortalLifecycleUtil.flushInits(PortalLifecycleUtil.java:48)
	at com.liferay.portal.servlet.MainServlet.initPlugins(MainServlet.java:858)
	at com.liferay.portal.servlet.MainServlet.init(MainServlet.java:366)
	at javax.servlet.GenericServlet.init(GenericServlet.java:160)
	at org.apache.catalina.core.StandardWrapper.initServlet(StandardWrapper.java:1266)
	at org.apache.catalina.core.StandardWrapper.loadServlet(StandardWrapper.java:1185)
	at org.apache.catalina.core.StandardWrapper.load(StandardWrapper.java:1080)
	at org.apache.catalina.core.StandardContext.loadOnStartup(StandardContext.java:5015)
	at org.apache.catalina.core.StandardContext.startInternal(StandardContext.java:5302)
	at org.apache.catalina.util.LifecycleBase.start(LifecycleBase.java:150)
	at org.apache.catalina.core.ContainerBase.addChildInternal(ContainerBase.java:895)
	at org.apache.catalina.core.ContainerBase.addChild(ContainerBase.java:871)
	at org.apache.catalina.core.StandardHost.addChild(StandardHost.java:615)
	at org.apache.catalina.startup.HostConfig.deployDescriptor(HostConfig.java:649)
	at org.apache.catalina.startup.HostConfig$DeployDescriptor.run(HostConfig.java:1585)
	at java.util.concurrent.Executors$RunnableAdapter.call(Executors.java:471)
	at java.util.concurrent.FutureTask.run(FutureTask.java:262)
	at java.util.concurrent.ThreadPoolExecutor.runWorker(ThreadPoolExecutor.java:1145)
	at java.util.concurrent.ThreadPoolExecutor$Worker.run(ThreadPoolExecutor.java:615)
	at java.lang.Thread.run(Thread.java:745)
14:05:40,800 INFO  [liferay/scheduler_dispatch-2][PluginPackageUtil:1292] Reloading repositories
14:05:43,242 INFO  [pool-2-thread-1][HotDeployImpl:178] Deploying stazioni-portlet from queue
14:05:43,242 INFO  [pool-2-thread-1][PluginPackageUtil:1033] Reading plugin package for stazioni-portlet
14:05:46,802 INFO  [pool-2-thread-1][HotDeployImpl:178] Deploying marketplace-portlet from queue
14:05:46,802 INFO  [pool-2-thread-1][PluginPackageUtil:1033] Reading plugin package for marketplace-portlet
14:05:47,271 INFO  [pool-2-thread-1][HookHotDeployListener:550] Registering hook for marketplace-portlet
14:05:47,610 INFO  [pool-2-thread-1][HookHotDeployListener:690] Hook for marketplace-portlet is available for use
14:05:47,808 INFO  [pool-2-thread-1][HotDeployEvent:109] Plugin welcome-theme requires resources-importer-web
14:05:47,826 INFO  [pool-2-thread-1][HotDeployImpl:233] Queueing welcome-theme for deploy because it is missing resources-importer-web
14:05:47,913 INFO  [pool-2-thread-1][HotDeployImpl:178] Deploying resources-importer-web from queue
14:05:47,914 INFO  [pool-2-thread-1][PluginPackageUtil:1033] Reading plugin package for resources-importer-web
14:05:47,973 INFO  [pool-2-thread-1][HotDeployImpl:178] Deploying welcome-theme from queue
14:05:47,973 INFO  [pool-2-thread-1][PluginPackageUtil:1033] Reading plugin package for welcome-theme
14:05:48,162 INFO  [pool-2-thread-1][ThemeHotDeployListener:87] Registering themes for welcome-theme
14:05:48,291 INFO  [pool-2-thread-1][ThemeHotDeployListener:100] 1 theme for welcome-theme is available for use
14:05:48,329 INFO  [liferay/hot_deploy-1][HotDeployMessageListener:142] Group or layout set prototype already exists for company liferay.com
14:22:09,368 INFO  [pool-2-thread-2][PluginPackageUtil:1033] Reading plugin package for resources-importer-web
14:22:09,416 INFO  [pool-2-thread-2][HotDeployEvent:109] Plugin welcome-theme requires resources-importer-web
14:22:09,416 INFO  [pool-2-thread-2][PluginPackageUtil:1033] Reading plugin package for welcome-theme
14:22:09,418 INFO  [pool-2-thread-2][ThemeHotDeployListener:127] Unregistering themes for welcome-theme
14:22:09,419 INFO  [pool-2-thread-2][ThemeHotDeployListener:158] 1 theme for welcome-theme was unregistered
14:22:09,420 INFO  [pool-2-thread-2][PluginPackageUtil:1033] Reading plugin package for marketplace-portlet
14:22:09,432 INFO  [pool-2-thread-2][HookHotDeployListener:813] Hook for marketplace-portlet was unregistered
14:22:09,436 INFO  [pool-2-thread-2][PluginPackageUtil:1033] Reading plugin package for stazioni-portlet
14:22:09,441 INFO  [pool-2-thread-2][PluginPackageUtil:1033] Reading plugin package for ncWMS-portlet
14:29:02,771 INFO  [pool-2-thread-1][DialectDetector:71] Determine dialect for HSQL Database Engine 2
14:29:02,773 WARN  [pool-2-thread-1][DialectDetector:86] Liferay is configured to use Hypersonic as its database. Do NOT use Hypersonic in production. Hypersonic is an embedded database useful for development and demo'ing purposes. The database settings can be changed in portal-ext.properties.
14:29:02,793 INFO  [pool-2-thread-1][DialectDetector:136] Found dialect org.hibernate.dialect.HSQLDialect
14:29:14,953 INFO  [pool-2-thread-1][BaseDB:452] Database supports case sensitive queries
14:29:15,159 INFO  [pool-2-thread-1][ServerDetector:154] Server supports hot deploy
14:29:15,163 INFO  [pool-2-thread-1][PluginPackageUtil:1030] Reading plugin package for the root context
14:29:16,155 INFO  [pool-2-thread-1][AutoDeployDir:106] Auto deploy scanner started for /home/giacomo/Liferay/liferay-portal-6.1.1-ce-ga2/deploy
14:29:16,940 INFO  [pool-2-thread-1][HotDeployImpl:178] Deploying ncWMS-portlet from queue
14:29:16,941 INFO  [pool-2-thread-1][PluginPackageUtil:1033] Reading plugin package for ncWMS-portlet
14:29:17,035 ERROR [pool-2-thread-1][PortletBagFactory:123] java.lang.ClassNotFoundException: com.test.stazioni
java.lang.ClassNotFoundException: com.test.stazioni
	at org.apache.catalina.loader.WebappClassLoader.loadClass(WebappClassLoader.java:1711)
	at org.apache.catalina.loader.WebappClassLoader.loadClass(WebappClassLoader.java:1556)
	at com.liferay.portlet.PortletBagFactory.create(PortletBagFactory.java:120)
	at com.liferay.portal.deploy.hot.PortletHotDeployListener.initPortlet(PortletHotDeployListener.java:546)
	at com.liferay.portal.deploy.hot.PortletHotDeployListener.doInvokeDeploy(PortletHotDeployListener.java:321)
	at com.liferay.portal.deploy.hot.PortletHotDeployListener.invokeDeploy(PortletHotDeployListener.java:120)
	at com.liferay.portal.deploy.hot.HotDeployImpl.doFireDeployEvent(HotDeployImpl.java:188)
	at com.liferay.portal.deploy.hot.HotDeployImpl.fireDeployEvent(HotDeployImpl.java:96)
	at com.liferay.portal.kernel.deploy.hot.HotDeployUtil.fireDeployEvent(HotDeployUtil.java:27)
	at com.liferay.portal.kernel.servlet.PluginContextListener.fireDeployEvent(PluginContextListener.java:151)
	at com.liferay.portal.kernel.servlet.PluginContextListener.doPortalInit(PluginContextListener.java:141)
	at com.liferay.portal.kernel.util.BasePortalLifecycle.portalInit(BasePortalLifecycle.java:42)
	at com.liferay.portal.kernel.util.PortalLifecycleUtil.flushInits(PortalLifecycleUtil.java:48)
	at com.liferay.portal.servlet.MainServlet.initPlugins(MainServlet.java:858)
	at com.liferay.portal.servlet.MainServlet.init(MainServlet.java:366)
	at javax.servlet.GenericServlet.init(GenericServlet.java:160)
	at org.apache.catalina.core.StandardWrapper.initServlet(StandardWrapper.java:1266)
	at org.apache.catalina.core.StandardWrapper.loadServlet(StandardWrapper.java:1185)
	at org.apache.catalina.core.StandardWrapper.load(StandardWrapper.java:1080)
	at org.apache.catalina.core.StandardContext.loadOnStartup(StandardContext.java:5015)
	at org.apache.catalina.core.StandardContext.startInternal(StandardContext.java:5302)
	at org.apache.catalina.util.LifecycleBase.start(LifecycleBase.java:150)
	at org.apache.catalina.core.ContainerBase.addChildInternal(ContainerBase.java:895)
	at org.apache.catalina.core.ContainerBase.addChild(ContainerBase.java:871)
	at org.apache.catalina.core.StandardHost.addChild(StandardHost.java:615)
	at org.apache.catalina.startup.HostConfig.deployDescriptor(HostConfig.java:649)
	at org.apache.catalina.startup.HostConfig$DeployDescriptor.run(HostConfig.java:1585)
	at java.util.concurrent.Executors$RunnableAdapter.call(Executors.java:471)
	at java.util.concurrent.FutureTask.run(FutureTask.java:262)
	at java.util.concurrent.ThreadPoolExecutor.runWorker(ThreadPoolExecutor.java:1145)
	at java.util.concurrent.ThreadPoolExecutor$Worker.run(ThreadPoolExecutor.java:615)
	at java.lang.Thread.run(Thread.java:745)
14:29:17,137 INFO  [liferay/scheduler_dispatch-2][PluginPackageUtil:1292] Reloading repositories
14:29:18,762 INFO  [pool-2-thread-1][HotDeployImpl:178] Deploying stazioni-portlet from queue
14:29:18,762 INFO  [pool-2-thread-1][PluginPackageUtil:1033] Reading plugin package for stazioni-portlet
14:29:20,473 INFO  [pool-2-thread-1][HotDeployImpl:178] Deploying marketplace-portlet from queue
14:29:20,474 INFO  [pool-2-thread-1][PluginPackageUtil:1033] Reading plugin package for marketplace-portlet
14:29:21,045 INFO  [pool-2-thread-1][HookHotDeployListener:550] Registering hook for marketplace-portlet
14:29:21,083 INFO  [pool-2-thread-1][HookHotDeployListener:690] Hook for marketplace-portlet is available for use
14:29:21,244 INFO  [pool-2-thread-1][HotDeployEvent:109] Plugin welcome-theme requires resources-importer-web
14:29:21,259 INFO  [pool-2-thread-1][HotDeployImpl:233] Queueing welcome-theme for deploy because it is missing resources-importer-web
14:29:21,309 INFO  [pool-2-thread-1][HotDeployImpl:178] Deploying resources-importer-web from queue
14:29:21,309 INFO  [pool-2-thread-1][PluginPackageUtil:1033] Reading plugin package for resources-importer-web
14:29:21,726 INFO  [pool-2-thread-1][HotDeployImpl:178] Deploying welcome-theme from queue
14:29:21,726 INFO  [pool-2-thread-1][PluginPackageUtil:1033] Reading plugin package for welcome-theme
14:29:21,809 INFO  [pool-2-thread-1][ThemeHotDeployListener:87] Registering themes for welcome-theme
14:29:21,841 INFO  [pool-2-thread-1][ThemeHotDeployListener:100] 1 theme for welcome-theme is available for use
14:29:21,874 INFO  [liferay/hot_deploy-1][HotDeployMessageListener:142] Group or layout set prototype already exists for company liferay.com
14:49:04,438 INFO  [pool-2-thread-2][PluginPackageUtil:1033] Reading plugin package for resources-importer-web
14:49:04,474 INFO  [pool-2-thread-2][HotDeployEvent:109] Plugin welcome-theme requires resources-importer-web
14:49:04,474 INFO  [pool-2-thread-2][PluginPackageUtil:1033] Reading plugin package for welcome-theme
14:49:04,477 INFO  [pool-2-thread-2][ThemeHotDeployListener:127] Unregistering themes for welcome-theme
14:49:04,478 INFO  [pool-2-thread-2][ThemeHotDeployListener:158] 1 theme for welcome-theme was unregistered
14:49:04,478 INFO  [pool-2-thread-2][PluginPackageUtil:1033] Reading plugin package for marketplace-portlet
14:49:04,491 INFO  [pool-2-thread-2][HookHotDeployListener:813] Hook for marketplace-portlet was unregistered
14:49:04,495 INFO  [pool-2-thread-2][PluginPackageUtil:1033] Reading plugin package for stazioni-portlet
14:49:04,500 INFO  [pool-2-thread-2][PluginPackageUtil:1033] Reading plugin package for ncWMS-portlet
