/*C7*/SET SCHEMA PUBLIC
ROLLBACK
DELETE FROM RELEASE_ WHERE RELEASEID=1
INSERT INTO RELEASE_ VALUES(1,'2012-07-31 13:57:41.918000','2014-07-15 08:12:11.983000','portal',6101,'2012-07-31 00:00:00.000000','1',0,'You take the blue pill, the story ends, you wake up in your bed and believe whatever you want to believe. You take the red pill, you stay in Wonderland, and I show you how deep the rabbit hole goes.')
COMMIT
ROLLBACK
ROLLBACK
DELETE FROM ASSETENTRY WHERE ENTRYID=10697
INSERT INTO ASSETENTRY VALUES(10697,19,1,5,'','2014-05-13 08:32:41.052000','2014-05-13 08:32:41.052000',10103,10695,'6f43d5cc-19fb-4126-9d66-5e2bc9acacba',10682,'1',NULL,NULL,'2010-02-01 00:00:00.000000',NULL,'text/html','<?xml version=''1.0'' encoding=''UTF-8''?><root available-locales="en_US" default-locale="en_US"><Title language-id="en_US">What We Do</Title></root>','','','','',0,0,0.0E0,190)
COMMIT
DELETE FROM ASSETENTRY WHERE ENTRYID=10697
INSERT INTO ASSETENTRY VALUES(10697,19,1,5,'','2014-05-13 08:32:41.052000','2014-05-13 08:32:41.052000',10103,10695,'6f43d5cc-19fb-4126-9d66-5e2bc9acacba',10682,'1',NULL,NULL,'2010-02-01 00:00:00.000000',NULL,'text/html','<?xml version=''1.0'' encoding=''UTF-8''?><root available-locales="en_US" default-locale="en_US"><Title language-id="en_US">What We Do</Title></root>','','','','',0,0,0.0E0,191)
COMMIT
/*C4*/SET SCHEMA PUBLIC
DELETE FROM ASSETENTRY WHERE ENTRYID=10614
INSERT INTO ASSETENTRY VALUES(10614,19,1,5,'','2014-05-13 08:32:39.800000','2014-05-13 08:32:39.800000',10006,10608,'967421ef-acc4-453c-89a4-7c5f18eadbc3',0,'1',NULL,NULL,NULL,NULL,'image/jpeg','welcome_bg_1.jpg','','','','',0,0,0.0E0,7)
COMMIT
/*C7*/DELETE FROM DLFILEENTRY WHERE FILEENTRYID=10608
INSERT INTO DLFILEENTRY VALUES('967421ef-acc4-453c-89a4-7c5f18eadbc3',10608,19,1,5,'',5,'','2014-05-13 08:32:39.733000','2014-05-13 08:32:39.733000',19,0,'10','jpg','image/jpeg','welcome_bg_1.jpg','','',0,'1.0',54277,7,0,0,0,0)
DELETE FROM DLFILERANK WHERE FILERANKID=10801
INSERT INTO DLFILERANK VALUES(10801,19,1,5,'2014-07-15 08:12:43.180000',10608)
COMMIT
DELETE FROM ASSETENTRY WHERE ENTRYID=10697
INSERT INTO ASSETENTRY VALUES(10697,19,1,5,'','2014-05-13 08:32:41.052000','2014-05-13 08:32:41.052000',10103,10695,'6f43d5cc-19fb-4126-9d66-5e2bc9acacba',10682,'1',NULL,NULL,'2010-02-01 00:00:00.000000',NULL,'text/html','<?xml version=''1.0'' encoding=''UTF-8''?><root available-locales="en_US" default-locale="en_US"><Title language-id="en_US">What We Do</Title></root>','','','','',0,0,0.0E0,192)
COMMIT
DELETE FROM DLFILEENTRY WHERE FILEENTRYID=10608
INSERT INTO DLFILEENTRY VALUES('967421ef-acc4-453c-89a4-7c5f18eadbc3',10608,19,1,5,'',5,'','2014-05-13 08:32:39.733000','2014-05-13 08:32:39.733000',19,0,'10','jpg','image/jpeg','welcome_bg_1.jpg','','',0,'1.0',54277,8,0,0,0,0)
DELETE FROM DLFILERANK WHERE FILERANKID=10801
INSERT INTO DLFILERANK VALUES(10801,19,1,5,'2014-07-15 08:13:16.429000',10608)
COMMIT
DELETE FROM ASSETENTRY WHERE ENTRYID=10614
INSERT INTO ASSETENTRY VALUES(10614,19,1,5,'','2014-05-13 08:32:39.800000','2014-05-13 08:32:39.800000',10006,10608,'967421ef-acc4-453c-89a4-7c5f18eadbc3',0,'1',NULL,NULL,NULL,NULL,'image/jpeg','welcome_bg_1.jpg','','','','',0,0,0.0E0,8)
COMMIT
/*C4*/DELETE FROM ASSETENTRY WHERE ENTRYID=10697
INSERT INTO ASSETENTRY VALUES(10697,19,1,5,'','2014-05-13 08:32:41.052000','2014-05-13 08:32:41.052000',10103,10695,'6f43d5cc-19fb-4126-9d66-5e2bc9acacba',10682,'1',NULL,NULL,'2010-02-01 00:00:00.000000',NULL,'text/html','<?xml version=''1.0'' encoding=''UTF-8''?><root available-locales="en_US" default-locale="en_US"><Title language-id="en_US">What We Do</Title></root>','','','','',0,0,0.0E0,193)
COMMIT
DELETE FROM ASSETENTRY WHERE ENTRYID=10697
INSERT INTO ASSETENTRY VALUES(10697,19,1,5,'','2014-05-13 08:32:41.052000','2014-05-13 08:32:41.052000',10103,10695,'6f43d5cc-19fb-4126-9d66-5e2bc9acacba',10682,'1',NULL,NULL,'2010-02-01 00:00:00.000000',NULL,'text/html','<?xml version=''1.0'' encoding=''UTF-8''?><root available-locales="en_US" default-locale="en_US"><Title language-id="en_US">What We Do</Title></root>','','','','',0,0,0.0E0,194)
COMMIT
DELETE FROM DLFILEENTRY WHERE FILEENTRYID=10608
INSERT INTO DLFILEENTRY VALUES('967421ef-acc4-453c-89a4-7c5f18eadbc3',10608,19,1,5,'',5,'','2014-05-13 08:32:39.733000','2014-05-13 08:32:39.733000',19,0,'10','jpg','image/jpeg','welcome_bg_1.jpg','','',0,'1.0',54277,9,0,0,0,0)
DELETE FROM DLFILERANK WHERE FILERANKID=10801
INSERT INTO DLFILERANK VALUES(10801,19,1,5,'2014-07-15 08:47:21.510000',10608)
COMMIT
/*C7*/DELETE FROM ASSETENTRY WHERE ENTRYID=10614
INSERT INTO ASSETENTRY VALUES(10614,19,1,5,'','2014-05-13 08:32:39.800000','2014-05-13 08:32:39.800000',10006,10608,'967421ef-acc4-453c-89a4-7c5f18eadbc3',0,'1',NULL,NULL,NULL,NULL,'image/jpeg','welcome_bg_1.jpg','','','','',0,0,0.0E0,9)
COMMIT
DELETE FROM ASSETENTRY WHERE ENTRYID=10697
INSERT INTO ASSETENTRY VALUES(10697,19,1,5,'','2014-05-13 08:32:41.052000','2014-05-13 08:32:41.052000',10103,10695,'6f43d5cc-19fb-4126-9d66-5e2bc9acacba',10682,'1',NULL,NULL,'2010-02-01 00:00:00.000000',NULL,'text/html','<?xml version=''1.0'' encoding=''UTF-8''?><root available-locales="en_US" default-locale="en_US"><Title language-id="en_US">What We Do</Title></root>','','','','',0,0,0.0E0,195)
COMMIT
DELETE FROM ASSETENTRY WHERE ENTRYID=10697
INSERT INTO ASSETENTRY VALUES(10697,19,1,5,'','2014-05-13 08:32:41.052000','2014-05-13 08:32:41.052000',10103,10695,'6f43d5cc-19fb-4126-9d66-5e2bc9acacba',10682,'1',NULL,NULL,'2010-02-01 00:00:00.000000',NULL,'text/html','<?xml version=''1.0'' encoding=''UTF-8''?><root available-locales="en_US" default-locale="en_US"><Title language-id="en_US">What We Do</Title></root>','','','','',0,0,0.0E0,196)
COMMIT
DELETE FROM ASSETENTRY WHERE ENTRYID=10697
INSERT INTO ASSETENTRY VALUES(10697,19,1,5,'','2014-05-13 08:32:41.052000','2014-05-13 08:32:41.052000',10103,10695,'6f43d5cc-19fb-4126-9d66-5e2bc9acacba',10682,'1',NULL,NULL,'2010-02-01 00:00:00.000000',NULL,'text/html','<?xml version=''1.0'' encoding=''UTF-8''?><root available-locales="en_US" default-locale="en_US"><Title language-id="en_US">What We Do</Title></root>','','','','',0,0,0.0E0,197)
COMMIT
DELETE FROM ASSETENTRY WHERE ENTRYID=10697
INSERT INTO ASSETENTRY VALUES(10697,19,1,5,'','2014-05-13 08:32:41.052000','2014-05-13 08:32:41.052000',10103,10695,'6f43d5cc-19fb-4126-9d66-5e2bc9acacba',10682,'1',NULL,NULL,'2010-02-01 00:00:00.000000',NULL,'text/html','<?xml version=''1.0'' encoding=''UTF-8''?><root available-locales="en_US" default-locale="en_US"><Title language-id="en_US">What We Do</Title></root>','','','','',0,0,0.0E0,198)
COMMIT
DELETE FROM ASSETENTRY WHERE ENTRYID=10697
INSERT INTO ASSETENTRY VALUES(10697,19,1,5,'','2014-05-13 08:32:41.052000','2014-05-13 08:32:41.052000',10103,10695,'6f43d5cc-19fb-4126-9d66-5e2bc9acacba',10682,'1',NULL,NULL,'2010-02-01 00:00:00.000000',NULL,'text/html','<?xml version=''1.0'' encoding=''UTF-8''?><root available-locales="en_US" default-locale="en_US"><Title language-id="en_US">What We Do</Title></root>','','','','',0,0,0.0E0,199)
COMMIT
DELETE FROM ASSETENTRY WHERE ENTRYID=10697
INSERT INTO ASSETENTRY VALUES(10697,19,1,5,'','2014-05-13 08:32:41.052000','2014-05-13 08:32:41.052000',10103,10695,'6f43d5cc-19fb-4126-9d66-5e2bc9acacba',10682,'1',NULL,NULL,'2010-02-01 00:00:00.000000',NULL,'text/html','<?xml version=''1.0'' encoding=''UTF-8''?><root available-locales="en_US" default-locale="en_US"><Title language-id="en_US">What We Do</Title></root>','','','','',0,0,0.0E0,200)
COMMIT
DELETE FROM ASSETENTRY WHERE ENTRYID=10697
INSERT INTO ASSETENTRY VALUES(10697,19,1,5,'','2014-05-13 08:32:41.052000','2014-05-13 08:32:41.052000',10103,10695,'6f43d5cc-19fb-4126-9d66-5e2bc9acacba',10682,'1',NULL,NULL,'2010-02-01 00:00:00.000000',NULL,'text/html','<?xml version=''1.0'' encoding=''UTF-8''?><root available-locales="en_US" default-locale="en_US"><Title language-id="en_US">What We Do</Title></root>','','','','',0,0,0.0E0,201)
COMMIT
DELETE FROM ASSETENTRY WHERE ENTRYID=10697
INSERT INTO ASSETENTRY VALUES(10697,19,1,5,'','2014-05-13 08:32:41.052000','2014-05-13 08:32:41.052000',10103,10695,'6f43d5cc-19fb-4126-9d66-5e2bc9acacba',10682,'1',NULL,NULL,'2010-02-01 00:00:00.000000',NULL,'text/html','<?xml version=''1.0'' encoding=''UTF-8''?><root available-locales="en_US" default-locale="en_US"><Title language-id="en_US">What We Do</Title></root>','','','','',0,0,0.0E0,202)
COMMIT
DELETE FROM DLFILEENTRY WHERE FILEENTRYID=10608
INSERT INTO DLFILEENTRY VALUES('967421ef-acc4-453c-89a4-7c5f18eadbc3',10608,19,1,5,'',5,'','2014-05-13 08:32:39.733000','2014-05-13 08:32:39.733000',19,0,'10','jpg','image/jpeg','welcome_bg_1.jpg','','',0,'1.0',54277,10,0,0,0,0)
DELETE FROM DLFILERANK WHERE FILERANKID=10801
INSERT INTO DLFILERANK VALUES(10801,19,1,5,'2014-07-15 08:51:02.918000',10608)
COMMIT
/*C4*/DELETE FROM ASSETENTRY WHERE ENTRYID=10614
INSERT INTO ASSETENTRY VALUES(10614,19,1,5,'','2014-05-13 08:32:39.800000','2014-05-13 08:32:39.800000',10006,10608,'967421ef-acc4-453c-89a4-7c5f18eadbc3',0,'1',NULL,NULL,NULL,NULL,'image/jpeg','welcome_bg_1.jpg','','','','',0,0,0.0E0,10)
COMMIT
DELETE FROM ASSETENTRY WHERE ENTRYID=10697
INSERT INTO ASSETENTRY VALUES(10697,19,1,5,'','2014-05-13 08:32:41.052000','2014-05-13 08:32:41.052000',10103,10695,'6f43d5cc-19fb-4126-9d66-5e2bc9acacba',10682,'1',NULL,NULL,'2010-02-01 00:00:00.000000',NULL,'text/html','<?xml version=''1.0'' encoding=''UTF-8''?><root available-locales="en_US" default-locale="en_US"><Title language-id="en_US">What We Do</Title></root>','','','','',0,0,0.0E0,203)
COMMIT
DELETE FROM ASSETENTRY WHERE ENTRYID=10697
INSERT INTO ASSETENTRY VALUES(10697,19,1,5,'','2014-05-13 08:32:41.052000','2014-05-13 08:32:41.052000',10103,10695,'6f43d5cc-19fb-4126-9d66-5e2bc9acacba',10682,'1',NULL,NULL,'2010-02-01 00:00:00.000000',NULL,'text/html','<?xml version=''1.0'' encoding=''UTF-8''?><root available-locales="en_US" default-locale="en_US"><Title language-id="en_US">What We Do</Title></root>','','','','',0,0,0.0E0,204)
COMMIT
DELETE FROM ASSETENTRY WHERE ENTRYID=10697
INSERT INTO ASSETENTRY VALUES(10697,19,1,5,'','2014-05-13 08:32:41.052000','2014-05-13 08:32:41.052000',10103,10695,'6f43d5cc-19fb-4126-9d66-5e2bc9acacba',10682,'1',NULL,NULL,'2010-02-01 00:00:00.000000',NULL,'text/html','<?xml version=''1.0'' encoding=''UTF-8''?><root available-locales="en_US" default-locale="en_US"><Title language-id="en_US">What We Do</Title></root>','','','','',0,0,0.0E0,205)
COMMIT
DELETE FROM ASSETENTRY WHERE ENTRYID=10697
INSERT INTO ASSETENTRY VALUES(10697,19,1,5,'','2014-05-13 08:32:41.052000','2014-05-13 08:32:41.052000',10103,10695,'6f43d5cc-19fb-4126-9d66-5e2bc9acacba',10682,'1',NULL,NULL,'2010-02-01 00:00:00.000000',NULL,'text/html','<?xml version=''1.0'' encoding=''UTF-8''?><root available-locales="en_US" default-locale="en_US"><Title language-id="en_US">What We Do</Title></root>','','','','',0,0,0.0E0,206)
COMMIT
DELETE FROM DLFILEENTRY WHERE FILEENTRYID=10608
INSERT INTO DLFILEENTRY VALUES('967421ef-acc4-453c-89a4-7c5f18eadbc3',10608,19,1,5,'',5,'','2014-05-13 08:32:39.733000','2014-05-13 08:32:39.733000',19,0,'10','jpg','image/jpeg','welcome_bg_1.jpg','','',0,'1.0',54277,11,0,0,0,0)
DELETE FROM DLFILERANK WHERE FILERANKID=10801
INSERT INTO DLFILERANK VALUES(10801,19,1,5,'2014-07-15 08:53:00.219000',10608)
COMMIT
DELETE FROM ASSETENTRY WHERE ENTRYID=10614
INSERT INTO ASSETENTRY VALUES(10614,19,1,5,'','2014-05-13 08:32:39.800000','2014-05-13 08:32:39.800000',10006,10608,'967421ef-acc4-453c-89a4-7c5f18eadbc3',0,'1',NULL,NULL,NULL,NULL,'image/jpeg','welcome_bg_1.jpg','','','','',0,0,0.0E0,11)
COMMIT
DELETE FROM ASSETENTRY WHERE ENTRYID=10697
INSERT INTO ASSETENTRY VALUES(10697,19,1,5,'','2014-05-13 08:32:41.052000','2014-05-13 08:32:41.052000',10103,10695,'6f43d5cc-19fb-4126-9d66-5e2bc9acacba',10682,'1',NULL,NULL,'2010-02-01 00:00:00.000000',NULL,'text/html','<?xml version=''1.0'' encoding=''UTF-8''?><root available-locales="en_US" default-locale="en_US"><Title language-id="en_US">What We Do</Title></root>','','','','',0,0,0.0E0,207)
COMMIT
DELETE FROM ASSETENTRY WHERE ENTRYID=10697
INSERT INTO ASSETENTRY VALUES(10697,19,1,5,'','2014-05-13 08:32:41.052000','2014-05-13 08:32:41.052000',10103,10695,'6f43d5cc-19fb-4126-9d66-5e2bc9acacba',10682,'1',NULL,NULL,'2010-02-01 00:00:00.000000',NULL,'text/html','<?xml version=''1.0'' encoding=''UTF-8''?><root available-locales="en_US" default-locale="en_US"><Title language-id="en_US">What We Do</Title></root>','','','','',0,0,0.0E0,208)
COMMIT
DELETE FROM DLFILEENTRY WHERE FILEENTRYID=10608
INSERT INTO DLFILEENTRY VALUES('967421ef-acc4-453c-89a4-7c5f18eadbc3',10608,19,1,5,'',5,'','2014-05-13 08:32:39.733000','2014-05-13 08:32:39.733000',19,0,'10','jpg','image/jpeg','welcome_bg_1.jpg','','',0,'1.0',54277,12,0,0,0,0)
DELETE FROM DLFILERANK WHERE FILERANKID=10801
INSERT INTO DLFILERANK VALUES(10801,19,1,5,'2014-07-15 09:00:28.721000',10608)
COMMIT
/*C7*/DELETE FROM ASSETENTRY WHERE ENTRYID=10614
INSERT INTO ASSETENTRY VALUES(10614,19,1,5,'','2014-05-13 08:32:39.800000','2014-05-13 08:32:39.800000',10006,10608,'967421ef-acc4-453c-89a4-7c5f18eadbc3',0,'1',NULL,NULL,NULL,NULL,'image/jpeg','welcome_bg_1.jpg','','','','',0,0,0.0E0,12)
COMMIT
/*C6*/SET SCHEMA PUBLIC
DISCONNECT
/*C9*/SET SCHEMA PUBLIC
DISCONNECT
/*C8*/SET SCHEMA PUBLIC
DISCONNECT
/*C10*/SET SCHEMA PUBLIC
DISCONNECT
/*C11*/SET SCHEMA PUBLIC
DISCONNECT
/*C2*/SET SCHEMA PUBLIC
DISCONNECT
/*C3*/SET SCHEMA PUBLIC
DISCONNECT
/*C5*/SET SCHEMA PUBLIC
DISCONNECT
/*C12*/SET SCHEMA PUBLIC
DISCONNECT
/*C20*/SET SCHEMA PUBLIC
DISCONNECT
/*C19*/SET SCHEMA PUBLIC
DISCONNECT
/*C21*/SET SCHEMA PUBLIC
DISCONNECT
/*C17*/SET SCHEMA PUBLIC
DISCONNECT
/*C16*/SET SCHEMA PUBLIC
DISCONNECT
/*C15*/SET SCHEMA PUBLIC
DISCONNECT
/*C13*/SET SCHEMA PUBLIC
DISCONNECT
/*C14*/SET SCHEMA PUBLIC
DISCONNECT
/*C18*/SET SCHEMA PUBLIC
DISCONNECT
/*C4*/DISCONNECT
/*C7*/DISCONNECT
/*C29*/SET SCHEMA PUBLIC
DISCONNECT
/*C23*/SET SCHEMA PUBLIC
DISCONNECT
/*C24*/SET SCHEMA PUBLIC
DISCONNECT
/*C27*/SET SCHEMA PUBLIC
DISCONNECT
/*C28*/SET SCHEMA PUBLIC
DISCONNECT
/*C26*/SET SCHEMA PUBLIC
DISCONNECT
/*C39*/SET SCHEMA PUBLIC
DISCONNECT
/*C38*/SET SCHEMA PUBLIC
DISCONNECT
/*C36*/SET SCHEMA PUBLIC
DISCONNECT
/*C34*/SET SCHEMA PUBLIC
DISCONNECT
/*C35*/SET SCHEMA PUBLIC
DISCONNECT
/*C32*/SET SCHEMA PUBLIC
DISCONNECT
/*C30*/SET SCHEMA PUBLIC
DISCONNECT
/*C37*/SET SCHEMA PUBLIC
DISCONNECT
/*C31*/SET SCHEMA PUBLIC
DISCONNECT
/*C33*/SET SCHEMA PUBLIC
DISCONNECT
/*C22*/SET SCHEMA PUBLIC
DISCONNECT
/*C25*/SET SCHEMA PUBLIC
DISCONNECT
/*C40*/SET SCHEMA PUBLIC
DISCONNECT
/*C41*/SET SCHEMA PUBLIC
DISCONNECT
/*C47*/SET SCHEMA PUBLIC
DISCONNECT
/*C46*/SET SCHEMA PUBLIC
DISCONNECT
/*C45*/SET SCHEMA PUBLIC
DISCONNECT
/*C43*/SET SCHEMA PUBLIC
DISCONNECT
/*C42*/SET SCHEMA PUBLIC
DISCONNECT
/*C44*/SET SCHEMA PUBLIC
DISCONNECT
/*C57*/SET SCHEMA PUBLIC
DISCONNECT
/*C56*/SET SCHEMA PUBLIC
DISCONNECT
/*C54*/SET SCHEMA PUBLIC
DISCONNECT
/*C53*/SET SCHEMA PUBLIC
DISCONNECT
/*C51*/SET SCHEMA PUBLIC
DISCONNECT
/*C50*/SET SCHEMA PUBLIC
DISCONNECT
/*C48*/SET SCHEMA PUBLIC
DISCONNECT
/*C52*/SET SCHEMA PUBLIC
DISCONNECT
/*C55*/SET SCHEMA PUBLIC
DISCONNECT
/*C49*/SET SCHEMA PUBLIC
DISCONNECT
/*C67*/SET SCHEMA PUBLIC
DELETE FROM ASSETENTRY WHERE ENTRYID=10697
INSERT INTO ASSETENTRY VALUES(10697,19,1,5,'','2014-05-13 08:32:41.052000','2014-05-13 08:32:41.052000',10103,10695,'6f43d5cc-19fb-4126-9d66-5e2bc9acacba',10682,'1',NULL,NULL,'2010-02-01 00:00:00.000000',NULL,'text/html','<?xml version=''1.0'' encoding=''UTF-8''?><root available-locales="en_US" default-locale="en_US"><Title language-id="en_US">What We Do</Title></root>','','','','',0,0,0.0E0,209)
COMMIT
DELETE FROM ASSETENTRY WHERE ENTRYID=10697
INSERT INTO ASSETENTRY VALUES(10697,19,1,5,'','2014-05-13 08:32:41.052000','2014-05-13 08:32:41.052000',10103,10695,'6f43d5cc-19fb-4126-9d66-5e2bc9acacba',10682,'1',NULL,NULL,'2010-02-01 00:00:00.000000',NULL,'text/html','<?xml version=''1.0'' encoding=''UTF-8''?><root available-locales="en_US" default-locale="en_US"><Title language-id="en_US">What We Do</Title></root>','','','','',0,0,0.0E0,210)
COMMIT
DELETE FROM ASSETENTRY WHERE ENTRYID=10697
INSERT INTO ASSETENTRY VALUES(10697,19,1,5,'','2014-05-13 08:32:41.052000','2014-05-13 08:32:41.052000',10103,10695,'6f43d5cc-19fb-4126-9d66-5e2bc9acacba',10682,'1',NULL,NULL,'2010-02-01 00:00:00.000000',NULL,'text/html','<?xml version=''1.0'' encoding=''UTF-8''?><root available-locales="en_US" default-locale="en_US"><Title language-id="en_US">What We Do</Title></root>','','','','',0,0,0.0E0,211)
COMMIT
DELETE FROM ASSETENTRY WHERE ENTRYID=10697
INSERT INTO ASSETENTRY VALUES(10697,19,1,5,'','2014-05-13 08:32:41.052000','2014-05-13 08:32:41.052000',10103,10695,'6f43d5cc-19fb-4126-9d66-5e2bc9acacba',10682,'1',NULL,NULL,'2010-02-01 00:00:00.000000',NULL,'text/html','<?xml version=''1.0'' encoding=''UTF-8''?><root available-locales="en_US" default-locale="en_US"><Title language-id="en_US">What We Do</Title></root>','','','','',0,0,0.0E0,212)
COMMIT
/*C66*/SET SCHEMA PUBLIC
DELETE FROM ASSETENTRY WHERE ENTRYID=10697
INSERT INTO ASSETENTRY VALUES(10697,19,1,5,'','2014-05-13 08:32:41.052000','2014-05-13 08:32:41.052000',10103,10695,'6f43d5cc-19fb-4126-9d66-5e2bc9acacba',10682,'1',NULL,NULL,'2010-02-01 00:00:00.000000',NULL,'text/html','<?xml version=''1.0'' encoding=''UTF-8''?><root available-locales="en_US" default-locale="en_US"><Title language-id="en_US">What We Do</Title></root>','','','','',0,0,0.0E0,213)
COMMIT
/*C67*/DELETE FROM ASSETENTRY WHERE ENTRYID=10697
INSERT INTO ASSETENTRY VALUES(10697,19,1,5,'','2014-05-13 08:32:41.052000','2014-05-13 08:32:41.052000',10103,10695,'6f43d5cc-19fb-4126-9d66-5e2bc9acacba',10682,'1',NULL,NULL,'2010-02-01 00:00:00.000000',NULL,'text/html','<?xml version=''1.0'' encoding=''UTF-8''?><root available-locales="en_US" default-locale="en_US"><Title language-id="en_US">What We Do</Title></root>','','','','',0,0,0.0E0,214)
COMMIT
DELETE FROM ASSETENTRY WHERE ENTRYID=10697
INSERT INTO ASSETENTRY VALUES(10697,19,1,5,'','2014-05-13 08:32:41.052000','2014-05-13 08:32:41.052000',10103,10695,'6f43d5cc-19fb-4126-9d66-5e2bc9acacba',10682,'1',NULL,NULL,'2010-02-01 00:00:00.000000',NULL,'text/html','<?xml version=''1.0'' encoding=''UTF-8''?><root available-locales="en_US" default-locale="en_US"><Title language-id="en_US">What We Do</Title></root>','','','','',0,0,0.0E0,215)
COMMIT
/*C58*/SET SCHEMA PUBLIC
DISCONNECT
/*C78*/SET SCHEMA PUBLIC
DELETE FROM ASSETENTRY WHERE ENTRYID=10697
INSERT INTO ASSETENTRY VALUES(10697,19,1,5,'','2014-05-13 08:32:41.052000','2014-05-13 08:32:41.052000',10103,10695,'6f43d5cc-19fb-4126-9d66-5e2bc9acacba',10682,'1',NULL,NULL,'2010-02-01 00:00:00.000000',NULL,'text/html','<?xml version=''1.0'' encoding=''UTF-8''?><root available-locales="en_US" default-locale="en_US"><Title language-id="en_US">What We Do</Title></root>','','','','',0,0,0.0E0,216)
COMMIT
/*C59*/SET SCHEMA PUBLIC
DISCONNECT
/*C79*/SET SCHEMA PUBLIC
DELETE FROM ASSETENTRY WHERE ENTRYID=10697
INSERT INTO ASSETENTRY VALUES(10697,19,1,5,'','2014-05-13 08:32:41.052000','2014-05-13 08:32:41.052000',10103,10695,'6f43d5cc-19fb-4126-9d66-5e2bc9acacba',10682,'1',NULL,NULL,'2010-02-01 00:00:00.000000',NULL,'text/html','<?xml version=''1.0'' encoding=''UTF-8''?><root available-locales="en_US" default-locale="en_US"><Title language-id="en_US">What We Do</Title></root>','','','','',0,0,0.0E0,217)
COMMIT
/*C78*/DELETE FROM ASSETENTRY WHERE ENTRYID=10697
INSERT INTO ASSETENTRY VALUES(10697,19,1,5,'','2014-05-13 08:32:41.052000','2014-05-13 08:32:41.052000',10103,10695,'6f43d5cc-19fb-4126-9d66-5e2bc9acacba',10682,'1',NULL,NULL,'2010-02-01 00:00:00.000000',NULL,'text/html','<?xml version=''1.0'' encoding=''UTF-8''?><root available-locales="en_US" default-locale="en_US"><Title language-id="en_US">What We Do</Title></root>','','','','',0,0,0.0E0,218)
COMMIT
DELETE FROM ASSETENTRY WHERE ENTRYID=10697
INSERT INTO ASSETENTRY VALUES(10697,19,1,5,'','2014-05-13 08:32:41.052000','2014-05-13 08:32:41.052000',10103,10695,'6f43d5cc-19fb-4126-9d66-5e2bc9acacba',10682,'1',NULL,NULL,'2010-02-01 00:00:00.000000',NULL,'text/html','<?xml version=''1.0'' encoding=''UTF-8''?><root available-locales="en_US" default-locale="en_US"><Title language-id="en_US">What We Do</Title></root>','','','','',0,0,0.0E0,219)
COMMIT
/*C61*/SET SCHEMA PUBLIC
DISCONNECT
/*C60*/SET SCHEMA PUBLIC
DISCONNECT
/*C65*/SET SCHEMA PUBLIC
DISCONNECT
/*C64*/SET SCHEMA PUBLIC
DISCONNECT
/*C63*/SET SCHEMA PUBLIC
DISCONNECT
/*C62*/SET SCHEMA PUBLIC
DISCONNECT
/*C77*/SET SCHEMA PUBLIC
DISCONNECT
/*C76*/SET SCHEMA PUBLIC
DISCONNECT
/*C75*/SET SCHEMA PUBLIC
DISCONNECT
/*C73*/SET SCHEMA PUBLIC
DISCONNECT
/*C74*/SET SCHEMA PUBLIC
DISCONNECT
/*C70*/SET SCHEMA PUBLIC
DISCONNECT
/*C68*/SET SCHEMA PUBLIC
DISCONNECT
/*C69*/SET SCHEMA PUBLIC
DISCONNECT
/*C71*/SET SCHEMA PUBLIC
DISCONNECT
/*C72*/SET SCHEMA PUBLIC
DISCONNECT
/*C84*/SET SCHEMA PUBLIC
DELETE FROM ASSETENTRY WHERE ENTRYID=10697
INSERT INTO ASSETENTRY VALUES(10697,19,1,5,'','2014-05-13 08:32:41.052000','2014-05-13 08:32:41.052000',10103,10695,'6f43d5cc-19fb-4126-9d66-5e2bc9acacba',10682,'1',NULL,NULL,'2010-02-01 00:00:00.000000',NULL,'text/html','<?xml version=''1.0'' encoding=''UTF-8''?><root available-locales="en_US" default-locale="en_US"><Title language-id="en_US">What We Do</Title></root>','','','','',0,0,0.0E0,220)
COMMIT
