Jun 16, 2014 10:23:07 AM org.apache.catalina.core.AprLifecycleListener init
INFO: The APR based Apache Tomcat Native library which allows optimal performance in production environments was not found on the java.library.path: /usr/java/packages/lib/amd64:/usr/lib64:/lib64:/lib:/usr/lib
Jun 16, 2014 10:23:07 AM org.apache.coyote.AbstractProtocol init
INFO: Initializing ProtocolHandler ["http-bio-8080"]
Jun 16, 2014 10:23:07 AM org.apache.coyote.AbstractProtocol init
INFO: Initializing ProtocolHandler ["ajp-bio-8009"]
Jun 16, 2014 10:23:07 AM org.apache.catalina.startup.Catalina load
INFO: Initialization processed in 621 ms
Jun 16, 2014 10:23:07 AM org.apache.catalina.core.StandardService startInternal
INFO: Starting service Catalina
Jun 16, 2014 10:23:07 AM org.apache.catalina.core.StandardEngine startInternal
INFO: Starting Servlet Engine: Apache Tomcat/7.0.27
Jun 16, 2014 10:23:07 AM org.apache.catalina.startup.HostConfig deployDescriptor
INFO: Deploying configuration descriptor /home/giacomo/Liferay/liferay-portal-6.1.1-ce-ga2/tomcat-7.0.27/conf/Catalina/localhost/ncWMS-portlet.xml
Jun 16, 2014 10:23:07 AM org.apache.catalina.startup.HostConfig deployDescriptor
WARNING: A docBase /home/giacomo/Liferay/liferay-portal-6.1.1-ce-ga2/tomcat-7.0.27/webapps/ncWMS-portlet inside the host appBase has been specified, and will be ignored
Jun 16, 2014 10:23:07 AM org.apache.catalina.startup.SetContextPropertiesRule begin
WARNING: [SetContextPropertiesRule]{Context} Setting property 'source' to 'org.eclipse.jst.jee.server:ncWMS-portlet' did not find a matching property.
Jun 16, 2014 10:23:08 AM org.apache.catalina.startup.HostConfig deployDescriptor
INFO: Deploying configuration descriptor /home/giacomo/Liferay/liferay-portal-6.1.1-ce-ga2/tomcat-7.0.27/conf/Catalina/localhost/ROOT.xml
Jun 16, 2014 10:23:37 AM org.apache.catalina.startup.HostConfig deployDescriptor
INFO: Deploying configuration descriptor /home/giacomo/Liferay/liferay-portal-6.1.1-ce-ga2/tomcat-7.0.27/conf/Catalina/localhost/stazioni-portlet.xml
Jun 16, 2014 10:23:37 AM org.apache.catalina.startup.HostConfig deployDescriptor
WARNING: A docBase /home/giacomo/Liferay/liferay-portal-6.1.1-ce-ga2/tomcat-7.0.27/webapps/stazioni-portlet inside the host appBase has been specified, and will be ignored
Jun 16, 2014 10:23:37 AM org.apache.catalina.startup.SetContextPropertiesRule begin
WARNING: [SetContextPropertiesRule]{Context} Setting property 'source' to 'org.eclipse.jst.jee.server:stazioni-portlet' did not find a matching property.
Jun 16, 2014 10:23:38 AM org.apache.catalina.startup.HostConfig deployWAR
INFO: Deploying web application archive /home/giacomo/Liferay/liferay-portal-6.1.1-ce-ga2/tomcat-7.0.27/webapps/ncWMS.war
Jun 16, 2014 10:23:40 AM org.apache.catalina.startup.HostConfig deployDirectory
INFO: Deploying web application directory /home/giacomo/Liferay/liferay-portal-6.1.1-ce-ga2/tomcat-7.0.27/webapps/marketplace-portlet
Jun 16, 2014 10:23:41 AM org.apache.catalina.startup.HostConfig deployDirectory
INFO: Deploying web application directory /home/giacomo/Liferay/liferay-portal-6.1.1-ce-ga2/tomcat-7.0.27/webapps/welcome-theme
Jun 16, 2014 10:23:42 AM org.apache.catalina.startup.HostConfig deployDirectory
INFO: Deploying web application directory /home/giacomo/Liferay/liferay-portal-6.1.1-ce-ga2/tomcat-7.0.27/webapps/resources-importer-web
Jun 16, 2014 10:23:42 AM org.apache.coyote.AbstractProtocol start
INFO: Starting ProtocolHandler ["http-bio-8080"]
Jun 16, 2014 10:23:42 AM org.apache.coyote.AbstractProtocol start
INFO: Starting ProtocolHandler ["ajp-bio-8009"]
Jun 16, 2014 10:23:42 AM org.apache.catalina.startup.Catalina start
INFO: Server startup in 34966 ms
Jun 16, 2014 10:24:20 AM org.apache.catalina.core.StandardServer await
INFO: A valid shutdown command was received via the shutdown port. Stopping the Server instance.
Jun 16, 2014 10:24:20 AM org.apache.coyote.AbstractProtocol pause
INFO: Pausing ProtocolHandler ["http-bio-8080"]
Jun 16, 2014 10:24:20 AM org.apache.coyote.AbstractProtocol pause
INFO: Pausing ProtocolHandler ["ajp-bio-8009"]
Jun 16, 2014 10:24:20 AM org.apache.catalina.core.StandardService stopInternal
INFO: Stopping service Catalina
Jun 16, 2014 10:24:22 AM org.apache.catalina.loader.WebappClassLoader clearReferencesThreads
SEVERE: The web application [] appears to have started a thread named [org.python.google.common.base.internal.Finalizer] but has failed to stop it. This is very likely to create a memory leak.
Jun 16, 2014 10:24:23 AM org.apache.catalina.loader.WebappClassLoader clearReferencesJdbc
SEVERE: The web application [/ncWMS] registered the JDBC driver [org.h2.Driver] but failed to unregister it when the web application was stopped. To prevent a memory leak, the JDBC Driver has been forcibly unregistered.
Jun 16, 2014 10:24:23 AM org.apache.catalina.loader.WebappClassLoader clearReferencesThreads
SEVERE: The web application [/ncWMS] appears to have started a thread named [H2 File Lock Watchdog /home/giacomo/.ncWMS/usagelog/usagelog.lock.db] but has failed to stop it. This is very likely to create a memory leak.
Jun 16, 2014 10:24:23 AM org.apache.catalina.loader.WebappClassLoader clearReferencesThreads
SEVERE: The web application [/ncWMS] appears to have started a thread named [H2 Log Writer USAGELOG] but has failed to stop it. This is very likely to create a memory leak.
Jun 16, 2014 10:24:23 AM org.apache.catalina.loader.WebappClassLoader clearReferencesThreads
SEVERE: The web application [/ncWMS] appears to have started a thread named [ReferenceQueueConsumer] but has failed to stop it. This is very likely to create a memory leak.
Jun 16, 2014 10:24:23 AM org.apache.coyote.AbstractProtocol stop
INFO: Stopping ProtocolHandler ["http-bio-8080"]
Jun 16, 2014 10:24:23 AM org.apache.coyote.AbstractProtocol stop
INFO: Stopping ProtocolHandler ["ajp-bio-8009"]
Jun 16, 2014 10:24:23 AM org.apache.coyote.AbstractProtocol destroy
INFO: Destroying ProtocolHandler ["http-bio-8080"]
Jun 16, 2014 10:24:23 AM org.apache.coyote.AbstractProtocol destroy
INFO: Destroying ProtocolHandler ["ajp-bio-8009"]
Jun 16, 2014 10:26:18 AM org.apache.catalina.core.AprLifecycleListener init
INFO: The APR based Apache Tomcat Native library which allows optimal performance in production environments was not found on the java.library.path: /usr/java/packages/lib/amd64:/usr/lib64:/lib64:/lib:/usr/lib
Jun 16, 2014 10:26:18 AM org.apache.coyote.AbstractProtocol init
INFO: Initializing ProtocolHandler ["http-bio-8080"]
Jun 16, 2014 10:26:18 AM org.apache.coyote.AbstractProtocol init
INFO: Initializing ProtocolHandler ["ajp-bio-8009"]
Jun 16, 2014 10:26:18 AM org.apache.catalina.startup.Catalina load
INFO: Initialization processed in 440 ms
Jun 16, 2014 10:26:18 AM org.apache.catalina.core.StandardService startInternal
INFO: Starting service Catalina
Jun 16, 2014 10:26:18 AM org.apache.catalina.core.StandardEngine startInternal
INFO: Starting Servlet Engine: Apache Tomcat/7.0.27
Jun 16, 2014 10:26:18 AM org.apache.catalina.startup.HostConfig deployDescriptor
INFO: Deploying configuration descriptor /home/giacomo/Liferay/liferay-portal-6.1.1-ce-ga2/tomcat-7.0.27/conf/Catalina/localhost/ncWMS-portlet.xml
Jun 16, 2014 10:26:18 AM org.apache.catalina.startup.HostConfig deployDescriptor
WARNING: A docBase /home/giacomo/Liferay/liferay-portal-6.1.1-ce-ga2/tomcat-7.0.27/webapps/ncWMS-portlet inside the host appBase has been specified, and will be ignored
Jun 16, 2014 10:26:18 AM org.apache.catalina.startup.SetContextPropertiesRule begin
WARNING: [SetContextPropertiesRule]{Context} Setting property 'source' to 'org.eclipse.jst.jee.server:ncWMS-portlet' did not find a matching property.
Jun 16, 2014 10:26:19 AM org.apache.catalina.startup.HostConfig deployDescriptor
INFO: Deploying configuration descriptor /home/giacomo/Liferay/liferay-portal-6.1.1-ce-ga2/tomcat-7.0.27/conf/Catalina/localhost/ROOT.xml
Jun 16, 2014 10:26:41 AM org.apache.catalina.startup.HostConfig deployDescriptor
INFO: Deploying configuration descriptor /home/giacomo/Liferay/liferay-portal-6.1.1-ce-ga2/tomcat-7.0.27/conf/Catalina/localhost/stazioni-portlet.xml
Jun 16, 2014 10:26:41 AM org.apache.catalina.startup.HostConfig deployDescriptor
WARNING: A docBase /home/giacomo/Liferay/liferay-portal-6.1.1-ce-ga2/tomcat-7.0.27/webapps/stazioni-portlet inside the host appBase has been specified, and will be ignored
Jun 16, 2014 10:26:41 AM org.apache.catalina.startup.SetContextPropertiesRule begin
WARNING: [SetContextPropertiesRule]{Context} Setting property 'source' to 'org.eclipse.jst.jee.server:stazioni-portlet' did not find a matching property.
Jun 16, 2014 10:26:41 AM org.apache.catalina.startup.HostConfig deployWAR
INFO: Deploying web application archive /home/giacomo/Liferay/liferay-portal-6.1.1-ce-ga2/tomcat-7.0.27/webapps/ncWMS.war
Jun 16, 2014 10:26:42 AM org.apache.catalina.startup.HostConfig deployDirectory
INFO: Deploying web application directory /home/giacomo/Liferay/liferay-portal-6.1.1-ce-ga2/tomcat-7.0.27/webapps/marketplace-portlet
Jun 16, 2014 10:26:43 AM org.apache.catalina.startup.HostConfig deployDirectory
INFO: Deploying web application directory /home/giacomo/Liferay/liferay-portal-6.1.1-ce-ga2/tomcat-7.0.27/webapps/welcome-theme
Jun 16, 2014 10:26:43 AM org.apache.catalina.startup.HostConfig deployDirectory
INFO: Deploying web application directory /home/giacomo/Liferay/liferay-portal-6.1.1-ce-ga2/tomcat-7.0.27/webapps/resources-importer-web
Jun 16, 2014 10:26:43 AM org.apache.coyote.AbstractProtocol start
INFO: Starting ProtocolHandler ["http-bio-8080"]
Jun 16, 2014 10:26:43 AM org.apache.coyote.AbstractProtocol start
INFO: Starting ProtocolHandler ["ajp-bio-8009"]
Jun 16, 2014 10:26:43 AM org.apache.catalina.startup.Catalina start
INFO: Server startup in 24992 ms
