May 14, 2014 1:00:32 PM org.apache.catalina.core.AprLifecycleListener init
INFO: The APR based Apache Tomcat Native library which allows optimal performance in production environments was not found on the java.library.path: /usr/java/packages/lib/amd64:/usr/lib64:/lib64:/lib:/usr/lib
May 14, 2014 1:00:33 PM org.apache.coyote.AbstractProtocol init
INFO: Initializing ProtocolHandler ["http-bio-8080"]
May 14, 2014 1:00:33 PM org.apache.coyote.AbstractProtocol init
INFO: Initializing ProtocolHandler ["ajp-bio-8009"]
May 14, 2014 1:00:33 PM org.apache.catalina.startup.Catalina load
INFO: Initialization processed in 2227 ms
May 14, 2014 1:00:33 PM org.apache.catalina.core.StandardService startInternal
INFO: Starting service Catalina
May 14, 2014 1:00:33 PM org.apache.catalina.core.StandardEngine startInternal
INFO: Starting Servlet Engine: Apache Tomcat/7.0.27
May 14, 2014 1:00:33 PM org.apache.catalina.startup.HostConfig deployDescriptor
INFO: Deploying configuration descriptor /home/giacomo/Liferay/liferay-portal-6.1.1-ce-ga2/tomcat-7.0.27/conf/Catalina/localhost/ROOT.xml
May 14, 2014 1:01:10 PM org.apache.catalina.startup.HostConfig deployWAR
INFO: Deploying web application archive /home/giacomo/Liferay/liferay-portal-6.1.1-ce-ga2/tomcat-7.0.27/webapps/ncWMS.war
May 14, 2014 1:01:13 PM org.apache.catalina.startup.HostConfig deployDirectory
INFO: Deploying web application directory /home/giacomo/Liferay/liferay-portal-6.1.1-ce-ga2/tomcat-7.0.27/webapps/marketplace-portlet
May 14, 2014 1:01:15 PM org.apache.catalina.startup.HostConfig deployDirectory
INFO: Deploying web application directory /home/giacomo/Liferay/liferay-portal-6.1.1-ce-ga2/tomcat-7.0.27/webapps/welcome-theme
May 14, 2014 1:01:15 PM org.apache.catalina.startup.HostConfig deployDirectory
INFO: Deploying web application directory /home/giacomo/Liferay/liferay-portal-6.1.1-ce-ga2/tomcat-7.0.27/webapps/ncWMS-portlet
May 14, 2014 1:01:16 PM org.apache.catalina.startup.HostConfig deployDirectory
INFO: Deploying web application directory /home/giacomo/Liferay/liferay-portal-6.1.1-ce-ga2/tomcat-7.0.27/webapps/resources-importer-web
May 14, 2014 1:01:16 PM org.apache.coyote.AbstractProtocol start
INFO: Starting ProtocolHandler ["http-bio-8080"]
May 14, 2014 1:01:16 PM org.apache.coyote.AbstractProtocol start
INFO: Starting ProtocolHandler ["ajp-bio-8009"]
May 14, 2014 1:01:16 PM org.apache.catalina.startup.Catalina start
INFO: Server startup in 43598 ms
May 14, 2014 1:05:10 PM org.geotoolkit.referencing.factory.epsg.ThreadedEpsgFactory createBackingStore
INFO: Connected to EPSG database "jdbc:hsqldb:/home/giacomo/.geotoolkit.org/EPSG/HSQL/7.06" on "HSQL Database Engine".
May 14, 2014 1:05:39 PM java.util.prefs.FileSystemPreferences syncWorld
WARNING: Couldn't flush system prefs: java.util.prefs.BackingStoreException: /etc/.java/.systemPrefs/org create failed.
May 14, 2014 1:06:09 PM java.util.prefs.FileSystemPreferences syncWorld
WARNING: Couldn't flush system prefs: java.util.prefs.BackingStoreException: /etc/.java/.systemPrefs/org create failed.
May 14, 2014 1:06:39 PM java.util.prefs.FileSystemPreferences syncWorld
WARNING: Couldn't flush system prefs: java.util.prefs.BackingStoreException: /etc/.java/.systemPrefs/org create failed.
May 14, 2014 1:07:09 PM java.util.prefs.FileSystemPreferences syncWorld
WARNING: Couldn't flush system prefs: java.util.prefs.BackingStoreException: /etc/.java/.systemPrefs/org create failed.
May 14, 2014 1:07:39 PM java.util.prefs.FileSystemPreferences syncWorld
WARNING: Couldn't flush system prefs: java.util.prefs.BackingStoreException: /etc/.java/.systemPrefs/org create failed.
May 14, 2014 1:08:09 PM java.util.prefs.FileSystemPreferences syncWorld
WARNING: Couldn't flush system prefs: java.util.prefs.BackingStoreException: /etc/.java/.systemPrefs/org create failed.
May 14, 2014 1:08:39 PM java.util.prefs.FileSystemPreferences syncWorld
WARNING: Couldn't flush system prefs: java.util.prefs.BackingStoreException: /etc/.java/.systemPrefs/org create failed.
May 14, 2014 1:09:09 PM java.util.prefs.FileSystemPreferences syncWorld
WARNING: Couldn't flush system prefs: java.util.prefs.BackingStoreException: /etc/.java/.systemPrefs/org create failed.
May 14, 2014 1:09:39 PM java.util.prefs.FileSystemPreferences syncWorld
WARNING: Couldn't flush system prefs: java.util.prefs.BackingStoreException: /etc/.java/.systemPrefs/org create failed.
May 14, 2014 1:10:09 PM java.util.prefs.FileSystemPreferences syncWorld
WARNING: Couldn't flush system prefs: java.util.prefs.BackingStoreException: /etc/.java/.systemPrefs/org create failed.
May 14, 2014 1:10:39 PM java.util.prefs.FileSystemPreferences syncWorld
WARNING: Couldn't flush system prefs: java.util.prefs.BackingStoreException: /etc/.java/.systemPrefs/org create failed.
May 14, 2014 1:11:09 PM java.util.prefs.FileSystemPreferences syncWorld
WARNING: Couldn't flush system prefs: java.util.prefs.BackingStoreException: /etc/.java/.systemPrefs/org create failed.
May 14, 2014 1:11:39 PM java.util.prefs.FileSystemPreferences syncWorld
WARNING: Couldn't flush system prefs: java.util.prefs.BackingStoreException: /etc/.java/.systemPrefs/org create failed.
May 14, 2014 1:12:09 PM java.util.prefs.FileSystemPreferences syncWorld
WARNING: Couldn't flush system prefs: java.util.prefs.BackingStoreException: /etc/.java/.systemPrefs/org create failed.
May 14, 2014 1:12:39 PM java.util.prefs.FileSystemPreferences syncWorld
WARNING: Couldn't flush system prefs: java.util.prefs.BackingStoreException: /etc/.java/.systemPrefs/org create failed.
May 14, 2014 1:13:09 PM java.util.prefs.FileSystemPreferences syncWorld
WARNING: Couldn't flush system prefs: java.util.prefs.BackingStoreException: /etc/.java/.systemPrefs/org create failed.
May 14, 2014 1:13:39 PM java.util.prefs.FileSystemPreferences syncWorld
WARNING: Couldn't flush system prefs: java.util.prefs.BackingStoreException: /etc/.java/.systemPrefs/org create failed.
May 14, 2014 1:14:09 PM java.util.prefs.FileSystemPreferences syncWorld
WARNING: Couldn't flush system prefs: java.util.prefs.BackingStoreException: /etc/.java/.systemPrefs/org create failed.
May 14, 2014 1:14:39 PM java.util.prefs.FileSystemPreferences syncWorld
WARNING: Couldn't flush system prefs: java.util.prefs.BackingStoreException: /etc/.java/.systemPrefs/org create failed.
May 14, 2014 1:15:09 PM java.util.prefs.FileSystemPreferences syncWorld
WARNING: Couldn't flush system prefs: java.util.prefs.BackingStoreException: /etc/.java/.systemPrefs/org create failed.
May 14, 2014 1:15:39 PM java.util.prefs.FileSystemPreferences syncWorld
WARNING: Couldn't flush system prefs: java.util.prefs.BackingStoreException: /etc/.java/.systemPrefs/org create failed.
May 14, 2014 1:16:09 PM java.util.prefs.FileSystemPreferences syncWorld
WARNING: Couldn't flush system prefs: java.util.prefs.BackingStoreException: /etc/.java/.systemPrefs/org create failed.
May 14, 2014 1:16:39 PM java.util.prefs.FileSystemPreferences syncWorld
WARNING: Couldn't flush system prefs: java.util.prefs.BackingStoreException: /etc/.java/.systemPrefs/org create failed.
May 14, 2014 1:17:09 PM java.util.prefs.FileSystemPreferences syncWorld
WARNING: Couldn't flush system prefs: java.util.prefs.BackingStoreException: /etc/.java/.systemPrefs/org create failed.
May 14, 2014 1:17:39 PM java.util.prefs.FileSystemPreferences syncWorld
WARNING: Couldn't flush system prefs: java.util.prefs.BackingStoreException: /etc/.java/.systemPrefs/org create failed.
May 14, 2014 1:18:09 PM java.util.prefs.FileSystemPreferences syncWorld
WARNING: Couldn't flush system prefs: java.util.prefs.BackingStoreException: /etc/.java/.systemPrefs/org create failed.
May 14, 2014 1:18:39 PM java.util.prefs.FileSystemPreferences syncWorld
WARNING: Couldn't flush system prefs: java.util.prefs.BackingStoreException: /etc/.java/.systemPrefs/org create failed.
May 14, 2014 1:19:09 PM java.util.prefs.FileSystemPreferences syncWorld
WARNING: Couldn't flush system prefs: java.util.prefs.BackingStoreException: /etc/.java/.systemPrefs/org create failed.
May 14, 2014 1:19:39 PM java.util.prefs.FileSystemPreferences syncWorld
WARNING: Couldn't flush system prefs: java.util.prefs.BackingStoreException: /etc/.java/.systemPrefs/org create failed.
May 14, 2014 1:20:09 PM java.util.prefs.FileSystemPreferences syncWorld
WARNING: Couldn't flush system prefs: java.util.prefs.BackingStoreException: /etc/.java/.systemPrefs/org create failed.
May 14, 2014 1:20:39 PM java.util.prefs.FileSystemPreferences syncWorld
WARNING: Couldn't flush system prefs: java.util.prefs.BackingStoreException: /etc/.java/.systemPrefs/org create failed.
May 14, 2014 1:21:09 PM java.util.prefs.FileSystemPreferences syncWorld
WARNING: Couldn't flush system prefs: java.util.prefs.BackingStoreException: /etc/.java/.systemPrefs/org create failed.
May 14, 2014 1:21:39 PM java.util.prefs.FileSystemPreferences syncWorld
WARNING: Couldn't flush system prefs: java.util.prefs.BackingStoreException: /etc/.java/.systemPrefs/org create failed.
May 14, 2014 1:22:09 PM java.util.prefs.FileSystemPreferences syncWorld
WARNING: Couldn't flush system prefs: java.util.prefs.BackingStoreException: /etc/.java/.systemPrefs/org create failed.
May 14, 2014 1:22:39 PM java.util.prefs.FileSystemPreferences syncWorld
WARNING: Couldn't flush system prefs: java.util.prefs.BackingStoreException: /etc/.java/.systemPrefs/org create failed.
May 14, 2014 1:23:09 PM java.util.prefs.FileSystemPreferences syncWorld
WARNING: Couldn't flush system prefs: java.util.prefs.BackingStoreException: /etc/.java/.systemPrefs/org create failed.
May 14, 2014 1:23:39 PM java.util.prefs.FileSystemPreferences syncWorld
WARNING: Couldn't flush system prefs: java.util.prefs.BackingStoreException: /etc/.java/.systemPrefs/org create failed.
May 14, 2014 1:24:09 PM java.util.prefs.FileSystemPreferences syncWorld
WARNING: Couldn't flush system prefs: java.util.prefs.BackingStoreException: /etc/.java/.systemPrefs/org create failed.
May 14, 2014 1:24:39 PM java.util.prefs.FileSystemPreferences syncWorld
WARNING: Couldn't flush system prefs: java.util.prefs.BackingStoreException: /etc/.java/.systemPrefs/org create failed.
May 14, 2014 1:25:09 PM java.util.prefs.FileSystemPreferences syncWorld
WARNING: Couldn't flush system prefs: java.util.prefs.BackingStoreException: /etc/.java/.systemPrefs/org create failed.
May 14, 2014 1:25:39 PM java.util.prefs.FileSystemPreferences syncWorld
WARNING: Couldn't flush system prefs: java.util.prefs.BackingStoreException: /etc/.java/.systemPrefs/org create failed.
May 14, 2014 1:26:09 PM java.util.prefs.FileSystemPreferences syncWorld
WARNING: Couldn't flush system prefs: java.util.prefs.BackingStoreException: /etc/.java/.systemPrefs/org create failed.
May 14, 2014 1:26:39 PM java.util.prefs.FileSystemPreferences syncWorld
WARNING: Couldn't flush system prefs: java.util.prefs.BackingStoreException: /etc/.java/.systemPrefs/org create failed.
May 14, 2014 1:27:09 PM java.util.prefs.FileSystemPreferences syncWorld
WARNING: Couldn't flush system prefs: java.util.prefs.BackingStoreException: /etc/.java/.systemPrefs/org create failed.
May 14, 2014 1:27:39 PM java.util.prefs.FileSystemPreferences syncWorld
WARNING: Couldn't flush system prefs: java.util.prefs.BackingStoreException: /etc/.java/.systemPrefs/org create failed.
May 14, 2014 1:28:09 PM java.util.prefs.FileSystemPreferences syncWorld
WARNING: Couldn't flush system prefs: java.util.prefs.BackingStoreException: /etc/.java/.systemPrefs/org create failed.
May 14, 2014 1:28:39 PM java.util.prefs.FileSystemPreferences syncWorld
WARNING: Couldn't flush system prefs: java.util.prefs.BackingStoreException: /etc/.java/.systemPrefs/org create failed.
May 14, 2014 1:29:09 PM java.util.prefs.FileSystemPreferences syncWorld
WARNING: Couldn't flush system prefs: java.util.prefs.BackingStoreException: /etc/.java/.systemPrefs/org create failed.
May 14, 2014 1:29:39 PM java.util.prefs.FileSystemPreferences syncWorld
WARNING: Couldn't flush system prefs: java.util.prefs.BackingStoreException: /etc/.java/.systemPrefs/org create failed.
May 14, 2014 1:30:09 PM java.util.prefs.FileSystemPreferences syncWorld
WARNING: Couldn't flush system prefs: java.util.prefs.BackingStoreException: /etc/.java/.systemPrefs/org create failed.
May 14, 2014 1:30:39 PM java.util.prefs.FileSystemPreferences syncWorld
WARNING: Couldn't flush system prefs: java.util.prefs.BackingStoreException: /etc/.java/.systemPrefs/org create failed.
May 14, 2014 1:31:09 PM java.util.prefs.FileSystemPreferences syncWorld
WARNING: Couldn't flush system prefs: java.util.prefs.BackingStoreException: /etc/.java/.systemPrefs/org create failed.
May 14, 2014 1:31:39 PM java.util.prefs.FileSystemPreferences syncWorld
WARNING: Couldn't flush system prefs: java.util.prefs.BackingStoreException: /etc/.java/.systemPrefs/org create failed.
May 14, 2014 1:32:09 PM java.util.prefs.FileSystemPreferences syncWorld
WARNING: Couldn't flush system prefs: java.util.prefs.BackingStoreException: /etc/.java/.systemPrefs/org create failed.
May 14, 2014 1:32:39 PM java.util.prefs.FileSystemPreferences syncWorld
WARNING: Couldn't flush system prefs: java.util.prefs.BackingStoreException: /etc/.java/.systemPrefs/org create failed.
May 14, 2014 1:33:09 PM java.util.prefs.FileSystemPreferences syncWorld
WARNING: Couldn't flush system prefs: java.util.prefs.BackingStoreException: /etc/.java/.systemPrefs/org create failed.
May 14, 2014 1:33:39 PM java.util.prefs.FileSystemPreferences syncWorld
WARNING: Couldn't flush system prefs: java.util.prefs.BackingStoreException: /etc/.java/.systemPrefs/org create failed.
May 14, 2014 1:34:09 PM java.util.prefs.FileSystemPreferences syncWorld
WARNING: Couldn't flush system prefs: java.util.prefs.BackingStoreException: /etc/.java/.systemPrefs/org create failed.
May 14, 2014 1:34:39 PM java.util.prefs.FileSystemPreferences syncWorld
WARNING: Couldn't flush system prefs: java.util.prefs.BackingStoreException: /etc/.java/.systemPrefs/org create failed.
May 14, 2014 1:35:09 PM java.util.prefs.FileSystemPreferences syncWorld
WARNING: Couldn't flush system prefs: java.util.prefs.BackingStoreException: /etc/.java/.systemPrefs/org create failed.
May 14, 2014 1:35:39 PM java.util.prefs.FileSystemPreferences syncWorld
WARNING: Couldn't flush system prefs: java.util.prefs.BackingStoreException: /etc/.java/.systemPrefs/org create failed.
May 14, 2014 1:36:09 PM java.util.prefs.FileSystemPreferences syncWorld
WARNING: Couldn't flush system prefs: java.util.prefs.BackingStoreException: /etc/.java/.systemPrefs/org create failed.
May 14, 2014 1:36:39 PM java.util.prefs.FileSystemPreferences syncWorld
WARNING: Couldn't flush system prefs: java.util.prefs.BackingStoreException: /etc/.java/.systemPrefs/org create failed.
May 14, 2014 1:37:09 PM java.util.prefs.FileSystemPreferences syncWorld
WARNING: Couldn't flush system prefs: java.util.prefs.BackingStoreException: /etc/.java/.systemPrefs/org create failed.
May 14, 2014 1:37:39 PM java.util.prefs.FileSystemPreferences syncWorld
WARNING: Couldn't flush system prefs: java.util.prefs.BackingStoreException: /etc/.java/.systemPrefs/org create failed.
May 14, 2014 1:38:09 PM java.util.prefs.FileSystemPreferences syncWorld
WARNING: Couldn't flush system prefs: java.util.prefs.BackingStoreException: /etc/.java/.systemPrefs/org create failed.
May 14, 2014 1:38:39 PM java.util.prefs.FileSystemPreferences syncWorld
WARNING: Couldn't flush system prefs: java.util.prefs.BackingStoreException: /etc/.java/.systemPrefs/org create failed.
May 14, 2014 1:39:09 PM java.util.prefs.FileSystemPreferences syncWorld
WARNING: Couldn't flush system prefs: java.util.prefs.BackingStoreException: /etc/.java/.systemPrefs/org create failed.
May 14, 2014 1:39:39 PM java.util.prefs.FileSystemPreferences syncWorld
WARNING: Couldn't flush system prefs: java.util.prefs.BackingStoreException: /etc/.java/.systemPrefs/org create failed.
May 14, 2014 1:40:09 PM java.util.prefs.FileSystemPreferences syncWorld
WARNING: Couldn't flush system prefs: java.util.prefs.BackingStoreException: /etc/.java/.systemPrefs/org create failed.
May 14, 2014 1:40:39 PM java.util.prefs.FileSystemPreferences syncWorld
WARNING: Couldn't flush system prefs: java.util.prefs.BackingStoreException: /etc/.java/.systemPrefs/org create failed.
May 14, 2014 1:41:09 PM java.util.prefs.FileSystemPreferences syncWorld
WARNING: Couldn't flush system prefs: java.util.prefs.BackingStoreException: /etc/.java/.systemPrefs/org create failed.
May 14, 2014 1:41:39 PM java.util.prefs.FileSystemPreferences syncWorld
WARNING: Couldn't flush system prefs: java.util.prefs.BackingStoreException: /etc/.java/.systemPrefs/org create failed.
May 14, 2014 1:42:09 PM java.util.prefs.FileSystemPreferences syncWorld
WARNING: Couldn't flush system prefs: java.util.prefs.BackingStoreException: /etc/.java/.systemPrefs/org create failed.
May 14, 2014 1:42:39 PM java.util.prefs.FileSystemPreferences syncWorld
WARNING: Couldn't flush system prefs: java.util.prefs.BackingStoreException: /etc/.java/.systemPrefs/org create failed.
May 14, 2014 1:43:09 PM java.util.prefs.FileSystemPreferences syncWorld
WARNING: Couldn't flush system prefs: java.util.prefs.BackingStoreException: /etc/.java/.systemPrefs/org create failed.
May 14, 2014 1:43:39 PM java.util.prefs.FileSystemPreferences syncWorld
WARNING: Couldn't flush system prefs: java.util.prefs.BackingStoreException: /etc/.java/.systemPrefs/org create failed.
May 14, 2014 1:44:09 PM java.util.prefs.FileSystemPreferences syncWorld
WARNING: Couldn't flush system prefs: java.util.prefs.BackingStoreException: /etc/.java/.systemPrefs/org create failed.
May 14, 2014 1:44:39 PM java.util.prefs.FileSystemPreferences syncWorld
WARNING: Couldn't flush system prefs: java.util.prefs.BackingStoreException: /etc/.java/.systemPrefs/org create failed.
May 14, 2014 1:45:09 PM java.util.prefs.FileSystemPreferences syncWorld
WARNING: Couldn't flush system prefs: java.util.prefs.BackingStoreException: /etc/.java/.systemPrefs/org create failed.
May 14, 2014 1:45:39 PM java.util.prefs.FileSystemPreferences syncWorld
WARNING: Couldn't flush system prefs: java.util.prefs.BackingStoreException: /etc/.java/.systemPrefs/org create failed.
May 14, 2014 1:46:09 PM java.util.prefs.FileSystemPreferences syncWorld
WARNING: Couldn't flush system prefs: java.util.prefs.BackingStoreException: /etc/.java/.systemPrefs/org create failed.
May 14, 2014 1:46:39 PM java.util.prefs.FileSystemPreferences syncWorld
WARNING: Couldn't flush system prefs: java.util.prefs.BackingStoreException: /etc/.java/.systemPrefs/org create failed.
May 14, 2014 1:47:09 PM java.util.prefs.FileSystemPreferences syncWorld
WARNING: Couldn't flush system prefs: java.util.prefs.BackingStoreException: /etc/.java/.systemPrefs/org create failed.
May 14, 2014 1:47:39 PM java.util.prefs.FileSystemPreferences syncWorld
WARNING: Couldn't flush system prefs: java.util.prefs.BackingStoreException: /etc/.java/.systemPrefs/org create failed.
May 14, 2014 1:48:09 PM java.util.prefs.FileSystemPreferences syncWorld
WARNING: Couldn't flush system prefs: java.util.prefs.BackingStoreException: /etc/.java/.systemPrefs/org create failed.
May 14, 2014 1:48:39 PM java.util.prefs.FileSystemPreferences syncWorld
WARNING: Couldn't flush system prefs: java.util.prefs.BackingStoreException: /etc/.java/.systemPrefs/org create failed.
May 14, 2014 1:49:09 PM java.util.prefs.FileSystemPreferences syncWorld
WARNING: Couldn't flush system prefs: java.util.prefs.BackingStoreException: /etc/.java/.systemPrefs/org create failed.
May 14, 2014 1:49:39 PM java.util.prefs.FileSystemPreferences syncWorld
WARNING: Couldn't flush system prefs: java.util.prefs.BackingStoreException: /etc/.java/.systemPrefs/org create failed.
May 14, 2014 1:50:09 PM java.util.prefs.FileSystemPreferences syncWorld
WARNING: Couldn't flush system prefs: java.util.prefs.BackingStoreException: /etc/.java/.systemPrefs/org create failed.
May 14, 2014 1:50:39 PM java.util.prefs.FileSystemPreferences syncWorld
WARNING: Couldn't flush system prefs: java.util.prefs.BackingStoreException: /etc/.java/.systemPrefs/org create failed.
May 14, 2014 1:51:09 PM java.util.prefs.FileSystemPreferences syncWorld
WARNING: Couldn't flush system prefs: java.util.prefs.BackingStoreException: /etc/.java/.systemPrefs/org create failed.
May 14, 2014 1:51:39 PM java.util.prefs.FileSystemPreferences syncWorld
WARNING: Couldn't flush system prefs: java.util.prefs.BackingStoreException: /etc/.java/.systemPrefs/org create failed.
May 14, 2014 1:52:09 PM java.util.prefs.FileSystemPreferences syncWorld
WARNING: Couldn't flush system prefs: java.util.prefs.BackingStoreException: /etc/.java/.systemPrefs/org create failed.
May 14, 2014 1:52:39 PM java.util.prefs.FileSystemPreferences syncWorld
WARNING: Couldn't flush system prefs: java.util.prefs.BackingStoreException: /etc/.java/.systemPrefs/org create failed.
May 14, 2014 1:53:09 PM java.util.prefs.FileSystemPreferences syncWorld
WARNING: Couldn't flush system prefs: java.util.prefs.BackingStoreException: /etc/.java/.systemPrefs/org create failed.
May 14, 2014 1:53:39 PM java.util.prefs.FileSystemPreferences syncWorld
WARNING: Couldn't flush system prefs: java.util.prefs.BackingStoreException: /etc/.java/.systemPrefs/org create failed.
May 14, 2014 1:54:09 PM java.util.prefs.FileSystemPreferences syncWorld
WARNING: Couldn't flush system prefs: java.util.prefs.BackingStoreException: /etc/.java/.systemPrefs/org create failed.
May 14, 2014 1:54:39 PM java.util.prefs.FileSystemPreferences syncWorld
WARNING: Couldn't flush system prefs: java.util.prefs.BackingStoreException: /etc/.java/.systemPrefs/org create failed.
May 14, 2014 1:55:09 PM java.util.prefs.FileSystemPreferences syncWorld
WARNING: Couldn't flush system prefs: java.util.prefs.BackingStoreException: /etc/.java/.systemPrefs/org create failed.
May 14, 2014 1:55:39 PM java.util.prefs.FileSystemPreferences syncWorld
WARNING: Couldn't flush system prefs: java.util.prefs.BackingStoreException: /etc/.java/.systemPrefs/org create failed.
May 14, 2014 1:56:09 PM java.util.prefs.FileSystemPreferences syncWorld
WARNING: Couldn't flush system prefs: java.util.prefs.BackingStoreException: /etc/.java/.systemPrefs/org create failed.
May 14, 2014 1:56:39 PM java.util.prefs.FileSystemPreferences syncWorld
WARNING: Couldn't flush system prefs: java.util.prefs.BackingStoreException: /etc/.java/.systemPrefs/org create failed.
May 14, 2014 1:57:09 PM java.util.prefs.FileSystemPreferences syncWorld
WARNING: Couldn't flush system prefs: java.util.prefs.BackingStoreException: /etc/.java/.systemPrefs/org create failed.
May 14, 2014 1:57:39 PM java.util.prefs.FileSystemPreferences syncWorld
WARNING: Couldn't flush system prefs: java.util.prefs.BackingStoreException: /etc/.java/.systemPrefs/org create failed.
May 14, 2014 1:58:09 PM java.util.prefs.FileSystemPreferences syncWorld
WARNING: Couldn't flush system prefs: java.util.prefs.BackingStoreException: /etc/.java/.systemPrefs/org create failed.
May 14, 2014 1:58:39 PM java.util.prefs.FileSystemPreferences syncWorld
WARNING: Couldn't flush system prefs: java.util.prefs.BackingStoreException: /etc/.java/.systemPrefs/org create failed.
May 14, 2014 1:59:09 PM java.util.prefs.FileSystemPreferences syncWorld
WARNING: Couldn't flush system prefs: java.util.prefs.BackingStoreException: /etc/.java/.systemPrefs/org create failed.
May 14, 2014 1:59:39 PM java.util.prefs.FileSystemPreferences syncWorld
WARNING: Couldn't flush system prefs: java.util.prefs.BackingStoreException: /etc/.java/.systemPrefs/org create failed.
May 14, 2014 2:00:09 PM java.util.prefs.FileSystemPreferences syncWorld
WARNING: Couldn't flush system prefs: java.util.prefs.BackingStoreException: /etc/.java/.systemPrefs/org create failed.
May 14, 2014 2:00:39 PM java.util.prefs.FileSystemPreferences syncWorld
WARNING: Couldn't flush system prefs: java.util.prefs.BackingStoreException: /etc/.java/.systemPrefs/org create failed.
May 14, 2014 2:01:09 PM java.util.prefs.FileSystemPreferences syncWorld
WARNING: Couldn't flush system prefs: java.util.prefs.BackingStoreException: /etc/.java/.systemPrefs/org create failed.
May 14, 2014 2:01:39 PM java.util.prefs.FileSystemPreferences syncWorld
WARNING: Couldn't flush system prefs: java.util.prefs.BackingStoreException: /etc/.java/.systemPrefs/org create failed.
May 14, 2014 2:02:09 PM java.util.prefs.FileSystemPreferences syncWorld
WARNING: Couldn't flush system prefs: java.util.prefs.BackingStoreException: /etc/.java/.systemPrefs/org create failed.
May 14, 2014 2:02:39 PM java.util.prefs.FileSystemPreferences syncWorld
WARNING: Couldn't flush system prefs: java.util.prefs.BackingStoreException: /etc/.java/.systemPrefs/org create failed.
May 14, 2014 2:03:09 PM java.util.prefs.FileSystemPreferences syncWorld
WARNING: Couldn't flush system prefs: java.util.prefs.BackingStoreException: /etc/.java/.systemPrefs/org create failed.
May 14, 2014 2:03:39 PM java.util.prefs.FileSystemPreferences syncWorld
WARNING: Couldn't flush system prefs: java.util.prefs.BackingStoreException: /etc/.java/.systemPrefs/org create failed.
May 14, 2014 2:04:09 PM java.util.prefs.FileSystemPreferences syncWorld
WARNING: Couldn't flush system prefs: java.util.prefs.BackingStoreException: /etc/.java/.systemPrefs/org create failed.
May 14, 2014 2:04:39 PM java.util.prefs.FileSystemPreferences syncWorld
WARNING: Couldn't flush system prefs: java.util.prefs.BackingStoreException: /etc/.java/.systemPrefs/org create failed.
May 14, 2014 2:05:09 PM java.util.prefs.FileSystemPreferences syncWorld
WARNING: Couldn't flush system prefs: java.util.prefs.BackingStoreException: /etc/.java/.systemPrefs/org create failed.
May 14, 2014 2:05:39 PM java.util.prefs.FileSystemPreferences syncWorld
WARNING: Couldn't flush system prefs: java.util.prefs.BackingStoreException: /etc/.java/.systemPrefs/org create failed.
May 14, 2014 2:06:09 PM java.util.prefs.FileSystemPreferences syncWorld
WARNING: Couldn't flush system prefs: java.util.prefs.BackingStoreException: /etc/.java/.systemPrefs/org create failed.
May 14, 2014 2:06:39 PM java.util.prefs.FileSystemPreferences syncWorld
WARNING: Couldn't flush system prefs: java.util.prefs.BackingStoreException: /etc/.java/.systemPrefs/org create failed.
May 14, 2014 2:07:09 PM java.util.prefs.FileSystemPreferences syncWorld
WARNING: Couldn't flush system prefs: java.util.prefs.BackingStoreException: /etc/.java/.systemPrefs/org create failed.
May 14, 2014 2:07:39 PM java.util.prefs.FileSystemPreferences syncWorld
WARNING: Couldn't flush system prefs: java.util.prefs.BackingStoreException: /etc/.java/.systemPrefs/org create failed.
May 14, 2014 2:08:09 PM java.util.prefs.FileSystemPreferences syncWorld
WARNING: Couldn't flush system prefs: java.util.prefs.BackingStoreException: /etc/.java/.systemPrefs/org create failed.
May 14, 2014 2:08:39 PM java.util.prefs.FileSystemPreferences syncWorld
WARNING: Couldn't flush system prefs: java.util.prefs.BackingStoreException: /etc/.java/.systemPrefs/org create failed.
May 14, 2014 2:09:09 PM java.util.prefs.FileSystemPreferences syncWorld
WARNING: Couldn't flush system prefs: java.util.prefs.BackingStoreException: /etc/.java/.systemPrefs/org create failed.
May 14, 2014 2:09:39 PM java.util.prefs.FileSystemPreferences syncWorld
WARNING: Couldn't flush system prefs: java.util.prefs.BackingStoreException: /etc/.java/.systemPrefs/org create failed.
May 14, 2014 2:10:09 PM java.util.prefs.FileSystemPreferences syncWorld
WARNING: Couldn't flush system prefs: java.util.prefs.BackingStoreException: /etc/.java/.systemPrefs/org create failed.
May 14, 2014 2:10:39 PM java.util.prefs.FileSystemPreferences syncWorld
WARNING: Couldn't flush system prefs: java.util.prefs.BackingStoreException: /etc/.java/.systemPrefs/org create failed.
May 14, 2014 2:11:09 PM java.util.prefs.FileSystemPreferences syncWorld
WARNING: Couldn't flush system prefs: java.util.prefs.BackingStoreException: /etc/.java/.systemPrefs/org create failed.
May 14, 2014 2:11:39 PM java.util.prefs.FileSystemPreferences syncWorld
WARNING: Couldn't flush system prefs: java.util.prefs.BackingStoreException: /etc/.java/.systemPrefs/org create failed.
May 14, 2014 2:12:09 PM java.util.prefs.FileSystemPreferences syncWorld
WARNING: Couldn't flush system prefs: java.util.prefs.BackingStoreException: /etc/.java/.systemPrefs/org create failed.
May 14, 2014 2:12:39 PM java.util.prefs.FileSystemPreferences syncWorld
WARNING: Couldn't flush system prefs: java.util.prefs.BackingStoreException: /etc/.java/.systemPrefs/org create failed.
May 14, 2014 2:13:09 PM java.util.prefs.FileSystemPreferences syncWorld
WARNING: Couldn't flush system prefs: java.util.prefs.BackingStoreException: /etc/.java/.systemPrefs/org create failed.
May 14, 2014 2:13:39 PM java.util.prefs.FileSystemPreferences syncWorld
WARNING: Couldn't flush system prefs: java.util.prefs.BackingStoreException: /etc/.java/.systemPrefs/org create failed.
May 14, 2014 2:14:09 PM java.util.prefs.FileSystemPreferences syncWorld
WARNING: Couldn't flush system prefs: java.util.prefs.BackingStoreException: /etc/.java/.systemPrefs/org create failed.
May 14, 2014 2:14:39 PM java.util.prefs.FileSystemPreferences syncWorld
WARNING: Couldn't flush system prefs: java.util.prefs.BackingStoreException: /etc/.java/.systemPrefs/org create failed.
May 14, 2014 2:15:09 PM java.util.prefs.FileSystemPreferences syncWorld
WARNING: Couldn't flush system prefs: java.util.prefs.BackingStoreException: /etc/.java/.systemPrefs/org create failed.
May 14, 2014 2:15:39 PM java.util.prefs.FileSystemPreferences syncWorld
WARNING: Couldn't flush system prefs: java.util.prefs.BackingStoreException: /etc/.java/.systemPrefs/org create failed.
May 14, 2014 2:16:09 PM java.util.prefs.FileSystemPreferences syncWorld
WARNING: Couldn't flush system prefs: java.util.prefs.BackingStoreException: /etc/.java/.systemPrefs/org create failed.
May 14, 2014 2:16:39 PM java.util.prefs.FileSystemPreferences syncWorld
WARNING: Couldn't flush system prefs: java.util.prefs.BackingStoreException: /etc/.java/.systemPrefs/org create failed.
May 14, 2014 2:17:09 PM java.util.prefs.FileSystemPreferences syncWorld
WARNING: Couldn't flush system prefs: java.util.prefs.BackingStoreException: /etc/.java/.systemPrefs/org create failed.
May 14, 2014 2:17:39 PM java.util.prefs.FileSystemPreferences syncWorld
WARNING: Couldn't flush system prefs: java.util.prefs.BackingStoreException: /etc/.java/.systemPrefs/org create failed.
May 14, 2014 2:18:09 PM java.util.prefs.FileSystemPreferences syncWorld
WARNING: Couldn't flush system prefs: java.util.prefs.BackingStoreException: /etc/.java/.systemPrefs/org create failed.
May 14, 2014 2:18:39 PM java.util.prefs.FileSystemPreferences syncWorld
WARNING: Couldn't flush system prefs: java.util.prefs.BackingStoreException: /etc/.java/.systemPrefs/org create failed.
May 14, 2014 2:19:09 PM java.util.prefs.FileSystemPreferences syncWorld
WARNING: Couldn't flush system prefs: java.util.prefs.BackingStoreException: /etc/.java/.systemPrefs/org create failed.
May 14, 2014 2:19:39 PM java.util.prefs.FileSystemPreferences syncWorld
WARNING: Couldn't flush system prefs: java.util.prefs.BackingStoreException: /etc/.java/.systemPrefs/org create failed.
May 14, 2014 2:20:09 PM java.util.prefs.FileSystemPreferences syncWorld
WARNING: Couldn't flush system prefs: java.util.prefs.BackingStoreException: /etc/.java/.systemPrefs/org create failed.
May 14, 2014 2:20:39 PM java.util.prefs.FileSystemPreferences syncWorld
WARNING: Couldn't flush system prefs: java.util.prefs.BackingStoreException: /etc/.java/.systemPrefs/org create failed.
May 14, 2014 2:21:09 PM java.util.prefs.FileSystemPreferences syncWorld
WARNING: Couldn't flush system prefs: java.util.prefs.BackingStoreException: /etc/.java/.systemPrefs/org create failed.
May 14, 2014 2:21:39 PM java.util.prefs.FileSystemPreferences syncWorld
WARNING: Couldn't flush system prefs: java.util.prefs.BackingStoreException: /etc/.java/.systemPrefs/org create failed.
May 14, 2014 2:22:09 PM java.util.prefs.FileSystemPreferences syncWorld
WARNING: Couldn't flush system prefs: java.util.prefs.BackingStoreException: /etc/.java/.systemPrefs/org create failed.
May 14, 2014 2:22:39 PM java.util.prefs.FileSystemPreferences syncWorld
WARNING: Couldn't flush system prefs: java.util.prefs.BackingStoreException: /etc/.java/.systemPrefs/org create failed.
May 14, 2014 2:23:09 PM java.util.prefs.FileSystemPreferences syncWorld
WARNING: Couldn't flush system prefs: java.util.prefs.BackingStoreException: /etc/.java/.systemPrefs/org create failed.
May 14, 2014 2:23:39 PM java.util.prefs.FileSystemPreferences syncWorld
WARNING: Couldn't flush system prefs: java.util.prefs.BackingStoreException: /etc/.java/.systemPrefs/org create failed.
May 14, 2014 2:24:09 PM java.util.prefs.FileSystemPreferences syncWorld
WARNING: Couldn't flush system prefs: java.util.prefs.BackingStoreException: /etc/.java/.systemPrefs/org create failed.
May 14, 2014 2:24:39 PM java.util.prefs.FileSystemPreferences syncWorld
WARNING: Couldn't flush system prefs: java.util.prefs.BackingStoreException: /etc/.java/.systemPrefs/org create failed.
May 14, 2014 2:25:09 PM java.util.prefs.FileSystemPreferences syncWorld
WARNING: Couldn't flush system prefs: java.util.prefs.BackingStoreException: /etc/.java/.systemPrefs/org create failed.
May 14, 2014 2:25:39 PM java.util.prefs.FileSystemPreferences syncWorld
WARNING: Couldn't flush system prefs: java.util.prefs.BackingStoreException: /etc/.java/.systemPrefs/org create failed.
May 14, 2014 2:26:09 PM java.util.prefs.FileSystemPreferences syncWorld
WARNING: Couldn't flush system prefs: java.util.prefs.BackingStoreException: /etc/.java/.systemPrefs/org create failed.
May 14, 2014 2:26:39 PM java.util.prefs.FileSystemPreferences syncWorld
WARNING: Couldn't flush system prefs: java.util.prefs.BackingStoreException: /etc/.java/.systemPrefs/org create failed.
May 14, 2014 2:27:09 PM java.util.prefs.FileSystemPreferences syncWorld
WARNING: Couldn't flush system prefs: java.util.prefs.BackingStoreException: /etc/.java/.systemPrefs/org create failed.
May 14, 2014 2:27:39 PM java.util.prefs.FileSystemPreferences syncWorld
WARNING: Couldn't flush system prefs: java.util.prefs.BackingStoreException: /etc/.java/.systemPrefs/org create failed.
May 14, 2014 2:28:09 PM java.util.prefs.FileSystemPreferences syncWorld
WARNING: Couldn't flush system prefs: java.util.prefs.BackingStoreException: /etc/.java/.systemPrefs/org create failed.
May 14, 2014 2:28:39 PM java.util.prefs.FileSystemPreferences syncWorld
WARNING: Couldn't flush system prefs: java.util.prefs.BackingStoreException: /etc/.java/.systemPrefs/org create failed.
May 14, 2014 2:29:09 PM java.util.prefs.FileSystemPreferences syncWorld
WARNING: Couldn't flush system prefs: java.util.prefs.BackingStoreException: /etc/.java/.systemPrefs/org create failed.
May 14, 2014 2:29:39 PM java.util.prefs.FileSystemPreferences syncWorld
WARNING: Couldn't flush system prefs: java.util.prefs.BackingStoreException: /etc/.java/.systemPrefs/org create failed.
May 14, 2014 2:30:09 PM java.util.prefs.FileSystemPreferences syncWorld
WARNING: Couldn't flush system prefs: java.util.prefs.BackingStoreException: /etc/.java/.systemPrefs/org create failed.
May 14, 2014 2:30:39 PM java.util.prefs.FileSystemPreferences syncWorld
WARNING: Couldn't flush system prefs: java.util.prefs.BackingStoreException: /etc/.java/.systemPrefs/org create failed.
May 14, 2014 2:31:09 PM java.util.prefs.FileSystemPreferences syncWorld
WARNING: Couldn't flush system prefs: java.util.prefs.BackingStoreException: /etc/.java/.systemPrefs/org create failed.
May 14, 2014 2:31:39 PM java.util.prefs.FileSystemPreferences syncWorld
WARNING: Couldn't flush system prefs: java.util.prefs.BackingStoreException: /etc/.java/.systemPrefs/org create failed.
May 14, 2014 2:32:09 PM java.util.prefs.FileSystemPreferences syncWorld
WARNING: Couldn't flush system prefs: java.util.prefs.BackingStoreException: /etc/.java/.systemPrefs/org create failed.
May 14, 2014 2:32:39 PM java.util.prefs.FileSystemPreferences syncWorld
WARNING: Couldn't flush system prefs: java.util.prefs.BackingStoreException: /etc/.java/.systemPrefs/org create failed.
May 14, 2014 2:33:09 PM java.util.prefs.FileSystemPreferences syncWorld
WARNING: Couldn't flush system prefs: java.util.prefs.BackingStoreException: /etc/.java/.systemPrefs/org create failed.
May 14, 2014 2:33:39 PM java.util.prefs.FileSystemPreferences syncWorld
WARNING: Couldn't flush system prefs: java.util.prefs.BackingStoreException: /etc/.java/.systemPrefs/org create failed.
May 14, 2014 2:34:09 PM java.util.prefs.FileSystemPreferences syncWorld
WARNING: Couldn't flush system prefs: java.util.prefs.BackingStoreException: /etc/.java/.systemPrefs/org create failed.
May 14, 2014 2:34:39 PM java.util.prefs.FileSystemPreferences syncWorld
WARNING: Couldn't flush system prefs: java.util.prefs.BackingStoreException: /etc/.java/.systemPrefs/org create failed.
May 14, 2014 2:35:09 PM java.util.prefs.FileSystemPreferences syncWorld
WARNING: Couldn't flush system prefs: java.util.prefs.BackingStoreException: /etc/.java/.systemPrefs/org create failed.
May 14, 2014 2:35:17 PM org.apache.catalina.startup.HostConfig deployDirectory
INFO: Deploying web application directory /home/giacomo/Liferay/liferay-portal-6.1.1-ce-ga2/tomcat-7.0.27/webapps/stazioni-portlet
May 14, 2014 2:35:39 PM java.util.prefs.FileSystemPreferences syncWorld
WARNING: Couldn't flush system prefs: java.util.prefs.BackingStoreException: /etc/.java/.systemPrefs/org create failed.
May 14, 2014 2:36:09 PM java.util.prefs.FileSystemPreferences syncWorld
WARNING: Couldn't flush system prefs: java.util.prefs.BackingStoreException: /etc/.java/.systemPrefs/org create failed.
May 14, 2014 2:36:39 PM java.util.prefs.FileSystemPreferences syncWorld
WARNING: Couldn't flush system prefs: java.util.prefs.BackingStoreException: /etc/.java/.systemPrefs/org create failed.
May 14, 2014 2:37:09 PM java.util.prefs.FileSystemPreferences syncWorld
WARNING: Couldn't flush system prefs: java.util.prefs.BackingStoreException: /etc/.java/.systemPrefs/org create failed.
May 14, 2014 2:37:39 PM java.util.prefs.FileSystemPreferences syncWorld
WARNING: Couldn't flush system prefs: java.util.prefs.BackingStoreException: /etc/.java/.systemPrefs/org create failed.
May 14, 2014 2:38:09 PM java.util.prefs.FileSystemPreferences syncWorld
WARNING: Couldn't flush system prefs: java.util.prefs.BackingStoreException: /etc/.java/.systemPrefs/org create failed.
May 14, 2014 2:38:39 PM java.util.prefs.FileSystemPreferences syncWorld
WARNING: Couldn't flush system prefs: java.util.prefs.BackingStoreException: /etc/.java/.systemPrefs/org create failed.
May 14, 2014 2:39:09 PM java.util.prefs.FileSystemPreferences syncWorld
WARNING: Couldn't flush system prefs: java.util.prefs.BackingStoreException: /etc/.java/.systemPrefs/org create failed.
May 14, 2014 2:39:28 PM org.apache.catalina.startup.HostConfig checkResources
INFO: Undeploying context [/stazioni-portlet]
May 14, 2014 2:39:29 PM org.apache.catalina.startup.HostConfig deployDirectory
INFO: Deploying web application directory /home/giacomo/Liferay/liferay-portal-6.1.1-ce-ga2/tomcat-7.0.27/webapps/stazioni-portlet
May 14, 2014 2:39:39 PM java.util.prefs.FileSystemPreferences syncWorld
WARNING: Couldn't flush system prefs: java.util.prefs.BackingStoreException: /etc/.java/.systemPrefs/org create failed.
May 14, 2014 2:40:09 PM java.util.prefs.FileSystemPreferences syncWorld
WARNING: Couldn't flush system prefs: java.util.prefs.BackingStoreException: /etc/.java/.systemPrefs/org create failed.
May 14, 2014 2:40:39 PM java.util.prefs.FileSystemPreferences syncWorld
WARNING: Couldn't flush system prefs: java.util.prefs.BackingStoreException: /etc/.java/.systemPrefs/org create failed.
May 14, 2014 2:41:09 PM java.util.prefs.FileSystemPreferences syncWorld
WARNING: Couldn't flush system prefs: java.util.prefs.BackingStoreException: /etc/.java/.systemPrefs/org create failed.
May 14, 2014 2:41:39 PM java.util.prefs.FileSystemPreferences syncWorld
WARNING: Couldn't flush system prefs: java.util.prefs.BackingStoreException: /etc/.java/.systemPrefs/org create failed.
May 14, 2014 2:42:09 PM org.apache.catalina.startup.HostConfig checkResources
INFO: Undeploying context [/stazioni-portlet]
May 14, 2014 2:42:09 PM java.util.prefs.FileSystemPreferences syncWorld
WARNING: Couldn't flush system prefs: java.util.prefs.BackingStoreException: /etc/.java/.systemPrefs/org create failed.
May 14, 2014 2:42:10 PM org.apache.catalina.startup.HostConfig deployDirectory
INFO: Deploying web application directory /home/giacomo/Liferay/liferay-portal-6.1.1-ce-ga2/tomcat-7.0.27/webapps/stazioni-portlet
May 14, 2014 2:42:39 PM java.util.prefs.FileSystemPreferences syncWorld
WARNING: Couldn't flush system prefs: java.util.prefs.BackingStoreException: /etc/.java/.systemPrefs/org create failed.
May 14, 2014 2:43:09 PM java.util.prefs.FileSystemPreferences syncWorld
WARNING: Couldn't flush system prefs: java.util.prefs.BackingStoreException: /etc/.java/.systemPrefs/org create failed.
May 14, 2014 2:43:39 PM java.util.prefs.FileSystemPreferences syncWorld
WARNING: Couldn't flush system prefs: java.util.prefs.BackingStoreException: /etc/.java/.systemPrefs/org create failed.
May 14, 2014 2:44:09 PM java.util.prefs.FileSystemPreferences syncWorld
WARNING: Couldn't flush system prefs: java.util.prefs.BackingStoreException: /etc/.java/.systemPrefs/org create failed.
May 14, 2014 2:44:39 PM java.util.prefs.FileSystemPreferences syncWorld
WARNING: Couldn't flush system prefs: java.util.prefs.BackingStoreException: /etc/.java/.systemPrefs/org create failed.
May 14, 2014 2:45:09 PM java.util.prefs.FileSystemPreferences syncWorld
WARNING: Couldn't flush system prefs: java.util.prefs.BackingStoreException: /etc/.java/.systemPrefs/org create failed.
May 14, 2014 2:45:39 PM java.util.prefs.FileSystemPreferences syncWorld
WARNING: Couldn't flush system prefs: java.util.prefs.BackingStoreException: /etc/.java/.systemPrefs/org create failed.
May 14, 2014 2:46:09 PM java.util.prefs.FileSystemPreferences syncWorld
WARNING: Couldn't flush system prefs: java.util.prefs.BackingStoreException: /etc/.java/.systemPrefs/org create failed.
May 14, 2014 2:46:39 PM java.util.prefs.FileSystemPreferences syncWorld
WARNING: Couldn't flush system prefs: java.util.prefs.BackingStoreException: /etc/.java/.systemPrefs/org create failed.
May 14, 2014 2:47:09 PM java.util.prefs.FileSystemPreferences syncWorld
WARNING: Couldn't flush system prefs: java.util.prefs.BackingStoreException: /etc/.java/.systemPrefs/org create failed.
May 14, 2014 2:47:39 PM java.util.prefs.FileSystemPreferences syncWorld
WARNING: Couldn't flush system prefs: java.util.prefs.BackingStoreException: /etc/.java/.systemPrefs/org create failed.
May 14, 2014 2:48:09 PM java.util.prefs.FileSystemPreferences syncWorld
WARNING: Couldn't flush system prefs: java.util.prefs.BackingStoreException: /etc/.java/.systemPrefs/org create failed.
May 14, 2014 2:48:39 PM java.util.prefs.FileSystemPreferences syncWorld
WARNING: Couldn't flush system prefs: java.util.prefs.BackingStoreException: /etc/.java/.systemPrefs/org create failed.
May 14, 2014 2:49:09 PM java.util.prefs.FileSystemPreferences syncWorld
WARNING: Couldn't flush system prefs: java.util.prefs.BackingStoreException: /etc/.java/.systemPrefs/org create failed.
May 14, 2014 2:49:39 PM java.util.prefs.FileSystemPreferences syncWorld
WARNING: Couldn't flush system prefs: java.util.prefs.BackingStoreException: /etc/.java/.systemPrefs/org create failed.
May 14, 2014 2:50:09 PM java.util.prefs.FileSystemPreferences syncWorld
WARNING: Couldn't flush system prefs: java.util.prefs.BackingStoreException: /etc/.java/.systemPrefs/org create failed.
May 14, 2014 2:50:39 PM java.util.prefs.FileSystemPreferences syncWorld
WARNING: Couldn't flush system prefs: java.util.prefs.BackingStoreException: /etc/.java/.systemPrefs/org create failed.
May 14, 2014 2:51:00 PM org.apache.catalina.startup.HostConfig checkResources
INFO: Undeploying context [/stazioni-portlet]
May 14, 2014 2:51:01 PM org.apache.catalina.startup.HostConfig deployDirectory
INFO: Deploying web application directory /home/giacomo/Liferay/liferay-portal-6.1.1-ce-ga2/tomcat-7.0.27/webapps/stazioni-portlet
May 14, 2014 2:51:09 PM java.util.prefs.FileSystemPreferences syncWorld
WARNING: Couldn't flush system prefs: java.util.prefs.BackingStoreException: /etc/.java/.systemPrefs/org create failed.
May 14, 2014 2:51:39 PM java.util.prefs.FileSystemPreferences syncWorld
WARNING: Couldn't flush system prefs: java.util.prefs.BackingStoreException: /etc/.java/.systemPrefs/org create failed.
May 14, 2014 2:52:09 PM java.util.prefs.FileSystemPreferences syncWorld
WARNING: Couldn't flush system prefs: java.util.prefs.BackingStoreException: /etc/.java/.systemPrefs/org create failed.
May 14, 2014 2:52:39 PM java.util.prefs.FileSystemPreferences syncWorld
WARNING: Couldn't flush system prefs: java.util.prefs.BackingStoreException: /etc/.java/.systemPrefs/org create failed.
May 14, 2014 2:53:09 PM java.util.prefs.FileSystemPreferences syncWorld
WARNING: Couldn't flush system prefs: java.util.prefs.BackingStoreException: /etc/.java/.systemPrefs/org create failed.
May 14, 2014 2:53:39 PM java.util.prefs.FileSystemPreferences syncWorld
WARNING: Couldn't flush system prefs: java.util.prefs.BackingStoreException: /etc/.java/.systemPrefs/org create failed.
May 14, 2014 2:54:09 PM java.util.prefs.FileSystemPreferences syncWorld
WARNING: Couldn't flush system prefs: java.util.prefs.BackingStoreException: /etc/.java/.systemPrefs/org create failed.
May 14, 2014 2:54:39 PM java.util.prefs.FileSystemPreferences syncWorld
WARNING: Couldn't flush system prefs: java.util.prefs.BackingStoreException: /etc/.java/.systemPrefs/org create failed.
May 14, 2014 2:55:09 PM java.util.prefs.FileSystemPreferences syncWorld
WARNING: Couldn't flush system prefs: java.util.prefs.BackingStoreException: /etc/.java/.systemPrefs/org create failed.
May 14, 2014 2:55:39 PM java.util.prefs.FileSystemPreferences syncWorld
WARNING: Couldn't flush system prefs: java.util.prefs.BackingStoreException: /etc/.java/.systemPrefs/org create failed.
May 14, 2014 2:56:09 PM java.util.prefs.FileSystemPreferences syncWorld
WARNING: Couldn't flush system prefs: java.util.prefs.BackingStoreException: /etc/.java/.systemPrefs/org create failed.
May 14, 2014 2:56:39 PM java.util.prefs.FileSystemPreferences syncWorld
WARNING: Couldn't flush system prefs: java.util.prefs.BackingStoreException: /etc/.java/.systemPrefs/org create failed.
May 14, 2014 2:57:09 PM java.util.prefs.FileSystemPreferences syncWorld
WARNING: Couldn't flush system prefs: java.util.prefs.BackingStoreException: /etc/.java/.systemPrefs/org create failed.
May 14, 2014 2:57:11 PM org.apache.catalina.startup.HostConfig checkResources
INFO: Undeploying context [/ncWMS-portlet]
May 14, 2014 2:57:12 PM org.apache.catalina.startup.HostConfig deployDirectory
INFO: Deploying web application directory /home/giacomo/Liferay/liferay-portal-6.1.1-ce-ga2/tomcat-7.0.27/webapps/ncWMS-portlet
May 14, 2014 2:57:39 PM java.util.prefs.FileSystemPreferences syncWorld
WARNING: Couldn't flush system prefs: java.util.prefs.BackingStoreException: /etc/.java/.systemPrefs/org create failed.
May 14, 2014 2:58:09 PM java.util.prefs.FileSystemPreferences syncWorld
WARNING: Couldn't flush system prefs: java.util.prefs.BackingStoreException: /etc/.java/.systemPrefs/org create failed.
May 14, 2014 2:58:22 PM org.apache.catalina.startup.HostConfig checkResources
INFO: Undeploying context [/ncWMS]
May 14, 2014 2:58:23 PM org.apache.catalina.loader.WebappClassLoader clearReferencesJdbc
SEVERE: The web application [/ncWMS] registered the JDBC driver [org.h2.Driver] but failed to unregister it when the web application was stopped. To prevent a memory leak, the JDBC Driver has been forcibly unregistered.
May 14, 2014 2:58:23 PM org.apache.catalina.loader.WebappClassLoader clearReferencesJdbc
SEVERE: The web application [/ncWMS] registered the JDBC driver [org.hsqldb.jdbcDriver] but failed to unregister it when the web application was stopped. To prevent a memory leak, the JDBC Driver has been forcibly unregistered.
May 14, 2014 2:58:23 PM org.apache.catalina.loader.WebappClassLoader clearReferencesThreads
SEVERE: The web application [/ncWMS] appears to have started a thread named [H2 File Lock Watchdog /home/giacomo/.ncWMS/usagelog/usagelog.lock.db] but has failed to stop it. This is very likely to create a memory leak.
May 14, 2014 2:58:23 PM org.apache.catalina.loader.WebappClassLoader clearReferencesThreads
SEVERE: The web application [/ncWMS] appears to have started a thread named [H2 Log Writer USAGELOG] but has failed to stop it. This is very likely to create a memory leak.
May 14, 2014 2:58:23 PM org.apache.catalina.loader.WebappClassLoader clearReferencesThreads
SEVERE: The web application [/ncWMS] appears to have started a thread named [Timer-3] but has failed to stop it. This is very likely to create a memory leak.
May 14, 2014 2:58:23 PM org.apache.catalina.loader.WebappClassLoader clearReferencesThreads
SEVERE: The web application [/ncWMS] appears to have started a thread named [ReferenceQueueConsumer] but has failed to stop it. This is very likely to create a memory leak.
May 14, 2014 2:58:23 PM org.apache.catalina.loader.WebappClassLoader clearReferencesThreads
SEVERE: The web application [/ncWMS] appears to have started a thread named [ReferencingStoreDisposer] but has failed to stop it. This is very likely to create a memory leak.
May 14, 2014 2:58:23 PM org.apache.catalina.loader.WebappClassLoader clearReferencesThreads
SEVERE: The web application [/ncWMS] appears to have started a thread named [CacheReferences] but has failed to stop it. This is very likely to create a memory leak.
May 14, 2014 2:58:33 PM org.apache.catalina.startup.HostConfig deployWAR
INFO: Deploying web application archive /home/giacomo/Liferay/liferay-portal-6.1.1-ce-ga2/tomcat-7.0.27/webapps/ncWMS.war
May 14, 2014 2:58:54 PM org.apache.catalina.core.StandardServer await
INFO: A valid shutdown command was received via the shutdown port. Stopping the Server instance.
May 14, 2014 2:58:54 PM org.apache.coyote.AbstractProtocol pause
INFO: Pausing ProtocolHandler ["http-bio-8080"]
May 14, 2014 2:58:54 PM org.apache.coyote.AbstractProtocol pause
INFO: Pausing ProtocolHandler ["ajp-bio-8009"]
May 14, 2014 2:58:55 PM org.apache.catalina.core.StandardService stopInternal
INFO: Stopping service Catalina
May 14, 2014 2:58:57 PM org.apache.catalina.loader.WebappClassLoader clearReferencesThreads
SEVERE: The web application [] appears to have started a thread named [org.python.google.common.base.internal.Finalizer] but has failed to stop it. This is very likely to create a memory leak.
May 14, 2014 2:58:57 PM org.apache.catalina.loader.WebappClassLoader clearReferencesJdbc
SEVERE: The web application [/ncWMS] registered the JDBC driver [org.h2.Driver] but failed to unregister it when the web application was stopped. To prevent a memory leak, the JDBC Driver has been forcibly unregistered.
May 14, 2014 2:58:57 PM org.apache.catalina.loader.WebappClassLoader clearReferencesThreads
SEVERE: The web application [/ncWMS] appears to have started a thread named [ReferenceQueueConsumer] but has failed to stop it. This is very likely to create a memory leak.
May 14, 2014 2:58:57 PM org.apache.coyote.AbstractProtocol stop
INFO: Stopping ProtocolHandler ["http-bio-8080"]
May 14, 2014 2:58:57 PM org.apache.coyote.AbstractProtocol stop
INFO: Stopping ProtocolHandler ["ajp-bio-8009"]
May 14, 2014 2:58:57 PM org.apache.coyote.AbstractProtocol destroy
INFO: Destroying ProtocolHandler ["http-bio-8080"]
May 14, 2014 2:58:57 PM org.apache.coyote.AbstractProtocol destroy
INFO: Destroying ProtocolHandler ["ajp-bio-8009"]
May 14, 2014 2:59:02 PM org.apache.catalina.core.AprLifecycleListener init
INFO: The APR based Apache Tomcat Native library which allows optimal performance in production environments was not found on the java.library.path: /usr/java/packages/lib/amd64:/usr/lib64:/lib64:/lib:/usr/lib
May 14, 2014 2:59:02 PM org.apache.coyote.AbstractProtocol init
INFO: Initializing ProtocolHandler ["http-bio-8080"]
May 14, 2014 2:59:02 PM org.apache.coyote.AbstractProtocol init
INFO: Initializing ProtocolHandler ["ajp-bio-8009"]
May 14, 2014 2:59:02 PM org.apache.catalina.startup.Catalina load
INFO: Initialization processed in 462 ms
May 14, 2014 2:59:02 PM org.apache.catalina.core.StandardService startInternal
INFO: Starting service Catalina
May 14, 2014 2:59:02 PM org.apache.catalina.core.StandardEngine startInternal
INFO: Starting Servlet Engine: Apache Tomcat/7.0.27
May 14, 2014 2:59:02 PM org.apache.catalina.startup.HostConfig deployDescriptor
INFO: Deploying configuration descriptor /home/giacomo/Liferay/liferay-portal-6.1.1-ce-ga2/tomcat-7.0.27/conf/Catalina/localhost/ROOT.xml
May 14, 2014 2:59:22 PM org.apache.catalina.startup.HostConfig deployWAR
INFO: Deploying web application archive /home/giacomo/Liferay/liferay-portal-6.1.1-ce-ga2/tomcat-7.0.27/webapps/ncWMS.war
May 14, 2014 2:59:26 PM org.apache.catalina.startup.HostConfig deployDirectory
INFO: Deploying web application directory /home/giacomo/Liferay/liferay-portal-6.1.1-ce-ga2/tomcat-7.0.27/webapps/marketplace-portlet
May 14, 2014 2:59:27 PM org.apache.catalina.startup.HostConfig deployDirectory
INFO: Deploying web application directory /home/giacomo/Liferay/liferay-portal-6.1.1-ce-ga2/tomcat-7.0.27/webapps/welcome-theme
May 14, 2014 2:59:27 PM org.apache.catalina.startup.HostConfig deployDirectory
INFO: Deploying web application directory /home/giacomo/Liferay/liferay-portal-6.1.1-ce-ga2/tomcat-7.0.27/webapps/ncWMS-portlet
May 14, 2014 2:59:27 PM org.apache.catalina.startup.HostConfig deployDirectory
INFO: Deploying web application directory /home/giacomo/Liferay/liferay-portal-6.1.1-ce-ga2/tomcat-7.0.27/webapps/stazioni-portlet
May 14, 2014 2:59:27 PM org.apache.catalina.startup.HostConfig deployDirectory
INFO: Deploying web application directory /home/giacomo/Liferay/liferay-portal-6.1.1-ce-ga2/tomcat-7.0.27/webapps/resources-importer-web
May 14, 2014 2:59:28 PM org.apache.coyote.AbstractProtocol start
INFO: Starting ProtocolHandler ["http-bio-8080"]
May 14, 2014 2:59:28 PM org.apache.coyote.AbstractProtocol start
INFO: Starting ProtocolHandler ["ajp-bio-8009"]
May 14, 2014 2:59:28 PM org.apache.catalina.startup.Catalina start
INFO: Server startup in 25733 ms
May 14, 2014 2:59:38 PM org.apache.catalina.startup.HostConfig checkResources
INFO: Undeploying context [/ncWMS-portlet]
May 14, 2014 2:59:38 PM org.apache.catalina.startup.HostConfig deployDescriptor
INFO: Deploying configuration descriptor /home/giacomo/Liferay/liferay-portal-6.1.1-ce-ga2/tomcat-7.0.27/conf/Catalina/localhost/ncWMS-portlet.xml
May 14, 2014 2:59:38 PM org.apache.catalina.startup.HostConfig deployDescriptor
WARNING: A docBase /home/giacomo/Liferay/liferay-portal-6.1.1-ce-ga2/tomcat-7.0.27/webapps/ncWMS-portlet inside the host appBase has been specified, and will be ignored
May 14, 2014 2:59:38 PM org.apache.catalina.startup.SetContextPropertiesRule begin
WARNING: [SetContextPropertiesRule]{Context} Setting property 'source' to 'org.eclipse.jst.jee.server:ncWMS-portlet' did not find a matching property.
May 14, 2014 3:00:10 PM org.geotoolkit.referencing.factory.epsg.ThreadedEpsgFactory createBackingStore
INFO: Connected to EPSG database "jdbc:hsqldb:/home/giacomo/.geotoolkit.org/EPSG/HSQL/7.06" on "HSQL Database Engine".
May 14, 2014 3:00:39 PM java.util.prefs.FileSystemPreferences syncWorld
WARNING: Couldn't flush system prefs: java.util.prefs.BackingStoreException: /etc/.java/.systemPrefs/org create failed.
May 14, 2014 3:00:59 PM org.apache.catalina.startup.HostConfig checkResources
INFO: Undeploying context [/ncWMS]
May 14, 2014 3:00:59 PM org.apache.catalina.loader.WebappClassLoader clearReferencesJdbc
SEVERE: The web application [/ncWMS] registered the JDBC driver [org.h2.Driver] but failed to unregister it when the web application was stopped. To prevent a memory leak, the JDBC Driver has been forcibly unregistered.
May 14, 2014 3:00:59 PM org.apache.catalina.loader.WebappClassLoader clearReferencesJdbc
SEVERE: The web application [/ncWMS] registered the JDBC driver [org.hsqldb.jdbcDriver] but failed to unregister it when the web application was stopped. To prevent a memory leak, the JDBC Driver has been forcibly unregistered.
May 14, 2014 3:00:59 PM org.apache.catalina.loader.WebappClassLoader clearReferencesThreads
SEVERE: The web application [/ncWMS] appears to have started a thread named [H2 File Lock Watchdog /home/giacomo/.ncWMS/usagelog/usagelog.lock.db] but has failed to stop it. This is very likely to create a memory leak.
May 14, 2014 3:00:59 PM org.apache.catalina.loader.WebappClassLoader clearReferencesThreads
SEVERE: The web application [/ncWMS] appears to have started a thread named [H2 Log Writer USAGELOG] but has failed to stop it. This is very likely to create a memory leak.
May 14, 2014 3:00:59 PM org.apache.catalina.loader.WebappClassLoader clearReferencesThreads
SEVERE: The web application [/ncWMS] appears to have started a thread named [Timer-3] but has failed to stop it. This is very likely to create a memory leak.
May 14, 2014 3:00:59 PM org.apache.catalina.loader.WebappClassLoader clearReferencesThreads
SEVERE: The web application [/ncWMS] appears to have started a thread named [ReferenceQueueConsumer] but has failed to stop it. This is very likely to create a memory leak.
May 14, 2014 3:00:59 PM org.apache.catalina.loader.WebappClassLoader clearReferencesThreads
SEVERE: The web application [/ncWMS] appears to have started a thread named [ReferencingStoreDisposer] but has failed to stop it. This is very likely to create a memory leak.
May 14, 2014 3:00:59 PM org.apache.catalina.loader.WebappClassLoader clearReferencesThreads
SEVERE: The web application [/ncWMS] appears to have started a thread named [CacheReferences] but has failed to stop it. This is very likely to create a memory leak.
May 14, 2014 3:00:59 PM org.apache.catalina.loader.WebappClassLoader clearReferencesThreads
SEVERE: The web application [/ncWMS] appears to have started a thread named [Pooled daemon #1] but has failed to stop it. This is very likely to create a memory leak.
May 14, 2014 3:01:19 PM org.apache.catalina.startup.HostConfig deployWAR
INFO: Deploying web application archive /home/giacomo/Liferay/liferay-portal-6.1.1-ce-ga2/tomcat-7.0.27/webapps/ncWMS.war
May 14, 2014 3:01:52 PM org.geotoolkit.referencing.factory.epsg.ThreadedEpsgFactory createBackingStore
INFO: Connected to EPSG database "jdbc:hsqldb:/home/giacomo/.geotoolkit.org/EPSG/HSQL/7.06" on "HSQL Database Engine".
May 14, 2014 3:02:45 PM org.apache.coyote.AbstractProtocol pause
INFO: Pausing ProtocolHandler ["http-bio-8080"]
May 14, 2014 3:02:45 PM org.apache.catalina.loader.WebappClassLoader loadClass
INFO: Illegal access: this web application instance has been stopped already.  Could not load org.geotoolkit.internal.sql.DefaultDataSource$1.  The eventual following stack trace is caused by an error thrown for debugging purposes as well as to attempt to terminate the thread which caused the illegal access, and has no functional impact.
java.lang.IllegalStateException
	at org.apache.catalina.loader.WebappClassLoader.loadClass(WebappClassLoader.java:1597)
	at org.apache.catalina.loader.WebappClassLoader.loadClass(WebappClassLoader.java:1556)
	at org.geotoolkit.internal.sql.DefaultDataSource.shutdown(DefaultDataSource.java:182)
	at org.geotoolkit.referencing.factory.epsg.ThreadedEpsgFactory.dispose(ThreadedEpsgFactory.java:717)
	at org.geotoolkit.factory.ShutdownHook.run(ShutdownHook.java:92)

May 14, 2014 3:02:45 PM org.apache.coyote.AbstractProtocol pause
INFO: Pausing ProtocolHandler ["ajp-bio-8009"]
May 14, 2014 3:02:45 PM org.apache.catalina.core.StandardService stopInternal
INFO: Stopping service Catalina
May 14, 2014 3:02:45 PM org.hsqldb.persist.Logger logInfoEvent
INFO: Database closed
May 14, 2014 3:02:47 PM org.apache.catalina.loader.WebappClassLoader clearReferencesThreads
SEVERE: The web application [] appears to have started a thread named [org.python.google.common.base.internal.Finalizer] but has failed to stop it. This is very likely to create a memory leak.
May 14, 2014 3:02:47 PM org.apache.catalina.loader.WebappClassLoader clearReferencesJdbc
SEVERE: The web application [/ncWMS] registered the JDBC driver [org.h2.Driver] but failed to unregister it when the web application was stopped. To prevent a memory leak, the JDBC Driver has been forcibly unregistered.
May 14, 2014 3:02:47 PM org.apache.catalina.loader.WebappClassLoader clearReferencesJdbc
SEVERE: The web application [/ncWMS] registered the JDBC driver [org.hsqldb.jdbcDriver] but failed to unregister it when the web application was stopped. To prevent a memory leak, the JDBC Driver has been forcibly unregistered.
May 14, 2014 3:02:47 PM org.apache.catalina.loader.WebappClassLoader clearReferencesThreads
SEVERE: The web application [/ncWMS] appears to have started a thread named [ReferenceQueueConsumer] but has failed to stop it. This is very likely to create a memory leak.
May 14, 2014 3:02:47 PM org.apache.catalina.loader.WebappClassLoader clearReferencesThreads
SEVERE: The web application [/ncWMS] appears to have started a thread named [ReferencingStoreDisposer] but has failed to stop it. This is very likely to create a memory leak.
May 14, 2014 3:02:47 PM org.apache.catalina.loader.WebappClassLoader clearReferencesThreads
SEVERE: The web application [/ncWMS] appears to have started a thread named [CacheReferences] but has failed to stop it. This is very likely to create a memory leak.
May 14, 2014 3:02:47 PM org.apache.coyote.AbstractProtocol stop
INFO: Stopping ProtocolHandler ["http-bio-8080"]
May 14, 2014 3:02:47 PM org.apache.coyote.AbstractProtocol stop
INFO: Stopping ProtocolHandler ["ajp-bio-8009"]
May 14, 2014 3:02:47 PM org.apache.coyote.AbstractProtocol destroy
INFO: Destroying ProtocolHandler ["http-bio-8080"]
May 14, 2014 3:02:47 PM org.apache.coyote.AbstractProtocol destroy
INFO: Destroying ProtocolHandler ["ajp-bio-8009"]
