Jul 15, 2014 8:12:18 AM org.apache.catalina.core.ApplicationContext log
INFO: Initializing Spring root WebApplicationContext
Jul 15, 2014 8:12:19 AM org.apache.catalina.core.ApplicationContext log
INFO: Initializing Spring FrameworkServlet 'WMS'
Jul 15, 2014 12:06:16 PM org.apache.catalina.core.ApplicationContext log
INFO: Initializing Spring root WebApplicationContext
Jul 15, 2014 12:06:17 PM org.apache.catalina.core.ApplicationContext log
INFO: Initializing Spring FrameworkServlet 'WMS'
Jul 15, 2014 12:06:21 PM org.apache.catalina.core.ApplicationContext log
SEVERE: StandardWrapper.Throwable
org.springframework.beans.factory.BeanCreationException: Error creating bean with name 'usageLogger' defined in ServletContext resource [/WEB-INF/WMS-servlet.xml]: Invocation of init method failed; nested exception is org.h2.jdbc.JdbcSQLException: Database may be already in use: Locked by another process. Possible solutions: close all other connection(s); use the server mode [90020-62]
	at org.springframework.beans.factory.support.AbstractAutowireCapableBeanFactory.initializeBean(AbstractAutowireCapableBeanFactory.java:1362)
	at org.springframework.beans.factory.support.AbstractAutowireCapableBeanFactory.doCreateBean(AbstractAutowireCapableBeanFactory.java:540)
	at org.springframework.beans.factory.support.AbstractAutowireCapableBeanFactory$1.run(AbstractAutowireCapableBeanFactory.java:485)
	at java.security.AccessController.doPrivileged(Native Method)
	at org.springframework.beans.factory.support.AbstractAutowireCapableBeanFactory.createBean(AbstractAutowireCapableBeanFactory.java:455)
	at org.springframework.beans.factory.support.AbstractBeanFactory$1.getObject(AbstractBeanFactory.java:251)
	at org.springframework.beans.factory.support.DefaultSingletonBeanRegistry.getSingleton(DefaultSingletonBeanRegistry.java:169)
	at org.springframework.beans.factory.support.AbstractBeanFactory.getBean(AbstractBeanFactory.java:248)
	at org.springframework.beans.factory.support.AbstractBeanFactory.getBean(AbstractBeanFactory.java:170)
	at org.springframework.beans.factory.support.DefaultListableBeanFactory.preInstantiateSingletons(DefaultListableBeanFactory.java:413)
	at org.springframework.context.support.AbstractApplicationContext.finishBeanFactoryInitialization(AbstractApplicationContext.java:735)
	at org.springframework.context.support.AbstractApplicationContext.refresh(AbstractApplicationContext.java:369)
	at org.springframework.web.servlet.FrameworkServlet.createWebApplicationContext(FrameworkServlet.java:332)
	at org.springframework.web.servlet.FrameworkServlet.initWebApplicationContext(FrameworkServlet.java:266)
	at org.springframework.web.servlet.FrameworkServlet.initServletBean(FrameworkServlet.java:236)
	at org.springframework.web.servlet.HttpServletBean.init(HttpServletBean.java:126)
	at javax.servlet.GenericServlet.init(GenericServlet.java:160)
	at org.apache.catalina.core.StandardWrapper.initServlet(StandardWrapper.java:1266)
	at org.apache.catalina.core.StandardWrapper.loadServlet(StandardWrapper.java:1185)
	at org.apache.catalina.core.StandardWrapper.load(StandardWrapper.java:1080)
	at org.apache.catalina.core.StandardContext.loadOnStartup(StandardContext.java:5015)
	at org.apache.catalina.core.StandardContext.startInternal(StandardContext.java:5302)
	at org.apache.catalina.util.LifecycleBase.start(LifecycleBase.java:150)
	at org.apache.catalina.core.ContainerBase.addChildInternal(ContainerBase.java:895)
	at org.apache.catalina.core.ContainerBase.addChild(ContainerBase.java:871)
	at org.apache.catalina.core.StandardHost.addChild(StandardHost.java:615)
	at org.apache.catalina.startup.HostConfig.deployWAR(HostConfig.java:962)
	at org.apache.catalina.startup.HostConfig$DeployWar.run(HostConfig.java:1603)
	at java.util.concurrent.Executors$RunnableAdapter.call(Executors.java:471)
	at java.util.concurrent.FutureTask.run(FutureTask.java:262)
	at java.util.concurrent.ThreadPoolExecutor.runWorker(ThreadPoolExecutor.java:1145)
	at java.util.concurrent.ThreadPoolExecutor$Worker.run(ThreadPoolExecutor.java:615)
	at java.lang.Thread.run(Thread.java:745)
Caused by: org.h2.jdbc.JdbcSQLException: Database may be already in use: Locked by another process. Possible solutions: close all other connection(s); use the server mode [90020-62]
	at org.h2.message.Message.getSQLException(Message.java:89)
	at org.h2.message.Message.getSQLException(Message.java:93)
	at org.h2.message.Message.getSQLException(Message.java:71)
	at org.h2.store.FileLock.error(FileLock.java:313)
	at org.h2.store.FileLock.lockFile(FileLock.java:176)
	at org.h2.store.FileLock.lock(FileLock.java:72)
	at org.h2.engine.Database.open(Database.java:437)
	at org.h2.engine.Database.<init>(Database.java:191)
	at org.h2.engine.Engine.openSession(Engine.java:50)
	at org.h2.engine.Engine.getSession(Engine.java:98)
	at org.h2.engine.Session.createSession(Session.java:140)
	at org.h2.jdbc.JdbcConnection.<init>(JdbcConnection.java:917)
	at org.h2.Driver.connect(Driver.java:52)
	at java.sql.DriverManager.getConnection(DriverManager.java:571)
	at java.sql.DriverManager.getConnection(DriverManager.java:233)
	at uk.ac.rdg.resc.ncwms.usagelog.h2.H2UsageLogger.init(H2UsageLogger.java:109)
	at sun.reflect.NativeMethodAccessorImpl.invoke0(Native Method)
	at sun.reflect.NativeMethodAccessorImpl.invoke(NativeMethodAccessorImpl.java:57)
	at sun.reflect.DelegatingMethodAccessorImpl.invoke(DelegatingMethodAccessorImpl.java:43)
	at java.lang.reflect.Method.invoke(Method.java:606)
	at org.springframework.beans.factory.support.AbstractAutowireCapableBeanFactory.invokeCustomInitMethod(AbstractAutowireCapableBeanFactory.java:1427)
	at org.springframework.beans.factory.support.AbstractAutowireCapableBeanFactory.invokeInitMethods(AbstractAutowireCapableBeanFactory.java:1396)
	at org.springframework.beans.factory.support.AbstractAutowireCapableBeanFactory.initializeBean(AbstractAutowireCapableBeanFactory.java:1359)
	... 32 more

Jul 15, 2014 12:06:21 PM org.apache.catalina.core.StandardContext loadOnStartup
SEVERE: Servlet /ncWMS threw load() exception
org.h2.jdbc.JdbcSQLException: Database may be already in use: Locked by another process. Possible solutions: close all other connection(s); use the server mode [90020-62]
	at org.h2.message.Message.getSQLException(Message.java:89)
	at org.h2.message.Message.getSQLException(Message.java:93)
	at org.h2.message.Message.getSQLException(Message.java:71)
	at org.h2.store.FileLock.error(FileLock.java:313)
	at org.h2.store.FileLock.lockFile(FileLock.java:176)
	at org.h2.store.FileLock.lock(FileLock.java:72)
	at org.h2.engine.Database.open(Database.java:437)
	at org.h2.engine.Database.<init>(Database.java:191)
	at org.h2.engine.Engine.openSession(Engine.java:50)
	at org.h2.engine.Engine.getSession(Engine.java:98)
	at org.h2.engine.Session.createSession(Session.java:140)
	at org.h2.jdbc.JdbcConnection.<init>(JdbcConnection.java:917)
	at org.h2.Driver.connect(Driver.java:52)
	at java.sql.DriverManager.getConnection(DriverManager.java:571)
	at java.sql.DriverManager.getConnection(DriverManager.java:233)
	at uk.ac.rdg.resc.ncwms.usagelog.h2.H2UsageLogger.init(H2UsageLogger.java:109)
	at sun.reflect.NativeMethodAccessorImpl.invoke0(Native Method)
	at sun.reflect.NativeMethodAccessorImpl.invoke(NativeMethodAccessorImpl.java:57)
	at sun.reflect.DelegatingMethodAccessorImpl.invoke(DelegatingMethodAccessorImpl.java:43)
	at java.lang.reflect.Method.invoke(Method.java:606)
	at org.springframework.beans.factory.support.AbstractAutowireCapableBeanFactory.invokeCustomInitMethod(AbstractAutowireCapableBeanFactory.java:1427)
	at org.springframework.beans.factory.support.AbstractAutowireCapableBeanFactory.invokeInitMethods(AbstractAutowireCapableBeanFactory.java:1396)
	at org.springframework.beans.factory.support.AbstractAutowireCapableBeanFactory.initializeBean(AbstractAutowireCapableBeanFactory.java:1359)
	at org.springframework.beans.factory.support.AbstractAutowireCapableBeanFactory.doCreateBean(AbstractAutowireCapableBeanFactory.java:540)
	at org.springframework.beans.factory.support.AbstractAutowireCapableBeanFactory$1.run(AbstractAutowireCapableBeanFactory.java:485)
	at java.security.AccessController.doPrivileged(Native Method)
	at org.springframework.beans.factory.support.AbstractAutowireCapableBeanFactory.createBean(AbstractAutowireCapableBeanFactory.java:455)
	at org.springframework.beans.factory.support.AbstractBeanFactory$1.getObject(AbstractBeanFactory.java:251)
	at org.springframework.beans.factory.support.DefaultSingletonBeanRegistry.getSingleton(DefaultSingletonBeanRegistry.java:169)
	at org.springframework.beans.factory.support.AbstractBeanFactory.getBean(AbstractBeanFactory.java:248)
	at org.springframework.beans.factory.support.AbstractBeanFactory.getBean(AbstractBeanFactory.java:170)
	at org.springframework.beans.factory.support.DefaultListableBeanFactory.preInstantiateSingletons(DefaultListableBeanFactory.java:413)
	at org.springframework.context.support.AbstractApplicationContext.finishBeanFactoryInitialization(AbstractApplicationContext.java:735)
	at org.springframework.context.support.AbstractApplicationContext.refresh(AbstractApplicationContext.java:369)
	at org.springframework.web.servlet.FrameworkServlet.createWebApplicationContext(FrameworkServlet.java:332)
	at org.springframework.web.servlet.FrameworkServlet.initWebApplicationContext(FrameworkServlet.java:266)
	at org.springframework.web.servlet.FrameworkServlet.initServletBean(FrameworkServlet.java:236)
	at org.springframework.web.servlet.HttpServletBean.init(HttpServletBean.java:126)
	at javax.servlet.GenericServlet.init(GenericServlet.java:160)
	at org.apache.catalina.core.StandardWrapper.initServlet(StandardWrapper.java:1266)
	at org.apache.catalina.core.StandardWrapper.loadServlet(StandardWrapper.java:1185)
	at org.apache.catalina.core.StandardWrapper.load(StandardWrapper.java:1080)
	at org.apache.catalina.core.StandardContext.loadOnStartup(StandardContext.java:5015)
	at org.apache.catalina.core.StandardContext.startInternal(StandardContext.java:5302)
	at org.apache.catalina.util.LifecycleBase.start(LifecycleBase.java:150)
	at org.apache.catalina.core.ContainerBase.addChildInternal(ContainerBase.java:895)
	at org.apache.catalina.core.ContainerBase.addChild(ContainerBase.java:871)
	at org.apache.catalina.core.StandardHost.addChild(StandardHost.java:615)
	at org.apache.catalina.startup.HostConfig.deployWAR(HostConfig.java:962)
	at org.apache.catalina.startup.HostConfig$DeployWar.run(HostConfig.java:1603)
	at java.util.concurrent.Executors$RunnableAdapter.call(Executors.java:471)
	at java.util.concurrent.FutureTask.run(FutureTask.java:262)
	at java.util.concurrent.ThreadPoolExecutor.runWorker(ThreadPoolExecutor.java:1145)
	at java.util.concurrent.ThreadPoolExecutor$Worker.run(ThreadPoolExecutor.java:615)
	at java.lang.Thread.run(Thread.java:745)

Jul 15, 2014 12:06:23 PM org.apache.catalina.core.ApplicationContext log
INFO: Closing Spring root WebApplicationContext
