May 15, 2014 6:30:13 AM org.apache.catalina.core.ApplicationContext log
INFO: Initializing Spring root WebApplicationContext
May 15, 2014 6:30:14 AM org.apache.catalina.core.ApplicationContext log
INFO: Initializing Spring FrameworkServlet 'WMS'
May 15, 2014 8:42:08 AM org.apache.catalina.core.ApplicationContext log
INFO: Initializing Spring root WebApplicationContext
May 15, 2014 8:42:08 AM org.apache.catalina.core.ApplicationContext log
INFO: Initializing Spring FrameworkServlet 'WMS'
May 15, 2014 12:39:33 PM org.apache.catalina.core.ApplicationContext log
INFO: Destroying Spring FrameworkServlet 'WMS'
May 15, 2014 12:39:33 PM org.apache.catalina.core.ApplicationContext log
INFO: Closing Spring root WebApplicationContext
May 15, 2014 1:03:37 PM org.apache.catalina.core.ApplicationContext log
INFO: Initializing Spring root WebApplicationContext
May 15, 2014 1:03:37 PM org.apache.catalina.core.ApplicationContext log
INFO: Initializing Spring FrameworkServlet 'WMS'
May 15, 2014 3:40:37 PM org.apache.catalina.core.ApplicationContext log
INFO: Destroying Spring FrameworkServlet 'WMS'
May 15, 2014 3:40:37 PM org.apache.catalina.core.ApplicationContext log
INFO: Closing Spring root WebApplicationContext
May 15, 2014 3:42:21 PM org.apache.catalina.core.ApplicationContext log
INFO: Initializing Spring root WebApplicationContext
May 15, 2014 3:42:21 PM org.apache.catalina.core.ApplicationContext log
INFO: Initializing Spring FrameworkServlet 'WMS'
May 15, 2014 3:49:30 PM org.apache.catalina.core.ApplicationContext log
INFO: Destroying Spring FrameworkServlet 'WMS'
May 15, 2014 3:49:30 PM org.apache.catalina.core.ApplicationContext log
INFO: Closing Spring root WebApplicationContext
